[2026-01-14 00:00:01] Complaint inserted from scheduler
[2026-01-14 00:00:01] Mail sent for complaint #10165
[2026-01-14 00:00:01] Updated scheduler → timer=1 | next=2026-01-15 00:00:00
[2026-01-14 00:01:01] No scheduler jobs found
[2026-01-14 00:02:01] No scheduler jobs found
[2026-01-14 00:03:01] No scheduler jobs found
[2026-01-14 00:04:01] No scheduler jobs found
[2026-01-14 00:05:01] No scheduler jobs found
[2026-01-14 00:06:01] No scheduler jobs found
[2026-01-14 00:07:01] No scheduler jobs found
[2026-01-14 00:08:01] No scheduler jobs found
[2026-01-14 00:09:01] No scheduler jobs found
[2026-01-14 00:10:01] No scheduler jobs found
[2026-01-14 00:11:01] No scheduler jobs found
[2026-01-14 00:12:01] No scheduler jobs found
[2026-01-14 00:13:01] No scheduler jobs found
[2026-01-14 00:14:01] No scheduler jobs found
[2026-01-14 00:15:01] No scheduler jobs found
[2026-01-14 00:16:01] No scheduler jobs found
[2026-01-14 00:17:01] No scheduler jobs found
[2026-01-14 00:18:01] No scheduler jobs found
[2026-01-14 00:19:02] No scheduler jobs found
[2026-01-14 00:20:01] No scheduler jobs found
[2026-01-14 00:21:01] No scheduler jobs found
[2026-01-14 00:22:01] No scheduler jobs found
[2026-01-14 00:23:01] No scheduler jobs found
[2026-01-14 00:24:01] No scheduler jobs found
[2026-01-14 00:25:01] No scheduler jobs found
[2026-01-14 00:26:01] No scheduler jobs found
[2026-01-14 00:27:01] No scheduler jobs found
[2026-01-14 00:28:01] No scheduler jobs found
[2026-01-14 00:29:01] No scheduler jobs found
[2026-01-14 00:30:01] No scheduler jobs found
[2026-01-14 00:31:01] No scheduler jobs found
[2026-01-14 00:32:01] No scheduler jobs found
[2026-01-14 00:33:01] No scheduler jobs found
[2026-01-14 00:34:01] No scheduler jobs found
[2026-01-14 00:35:01] No scheduler jobs found
[2026-01-14 00:36:01] No scheduler jobs found
[2026-01-14 00:37:01] No scheduler jobs found
[2026-01-14 00:38:01] No scheduler jobs found
[2026-01-14 00:39:01] No scheduler jobs found
[2026-01-14 00:40:01] No scheduler jobs found
[2026-01-14 00:41:01] No scheduler jobs found
[2026-01-14 00:42:01] No scheduler jobs found
[2026-01-14 00:43:01] No scheduler jobs found
[2026-01-14 00:44:01] No scheduler jobs found
[2026-01-14 00:45:01] No scheduler jobs found
[2026-01-14 00:46:01] No scheduler jobs found
[2026-01-14 00:47:01] No scheduler jobs found
[2026-01-14 00:48:01] No scheduler jobs found
[2026-01-14 00:49:01] No scheduler jobs found
[2026-01-14 00:50:01] No scheduler jobs found
[2026-01-14 00:51:01] No scheduler jobs found
[2026-01-14 00:52:01] No scheduler jobs found
[2026-01-14 00:53:01] No scheduler jobs found
[2026-01-14 00:54:01] No scheduler jobs found
[2026-01-14 00:55:01] No scheduler jobs found
[2026-01-14 00:56:01] No scheduler jobs found
[2026-01-14 00:57:01] No scheduler jobs found
[2026-01-14 00:58:01] No scheduler jobs found
[2026-01-14 00:59:01] No scheduler jobs found
[2026-01-14 01:00:02] No scheduler jobs found
[2026-01-14 01:01:01] No scheduler jobs found
[2026-01-14 01:02:01] No scheduler jobs found
[2026-01-14 01:03:01] No scheduler jobs found
[2026-01-14 01:04:01] No scheduler jobs found
[2026-01-14 01:05:01] No scheduler jobs found
[2026-01-14 01:06:01] No scheduler jobs found
[2026-01-14 01:07:01] No scheduler jobs found
[2026-01-14 01:08:01] No scheduler jobs found
[2026-01-14 01:09:01] No scheduler jobs found
[2026-01-14 01:10:01] No scheduler jobs found
[2026-01-14 01:11:01] No scheduler jobs found
[2026-01-14 01:12:01] No scheduler jobs found
[2026-01-14 01:13:01] No scheduler jobs found
[2026-01-14 01:14:01] No scheduler jobs found
[2026-01-14 01:15:01] No scheduler jobs found
[2026-01-14 01:16:01] No scheduler jobs found
[2026-01-14 01:17:01] No scheduler jobs found
[2026-01-14 01:18:01] No scheduler jobs found
[2026-01-14 01:19:01] No scheduler jobs found
[2026-01-14 01:20:01] No scheduler jobs found
[2026-01-14 01:21:01] No scheduler jobs found
[2026-01-14 01:22:01] No scheduler jobs found
[2026-01-14 01:23:01] No scheduler jobs found
[2026-01-14 01:24:01] No scheduler jobs found
[2026-01-14 01:25:01] No scheduler jobs found
[2026-01-14 01:26:01] No scheduler jobs found
[2026-01-14 01:27:01] No scheduler jobs found
[2026-01-14 01:28:01] No scheduler jobs found
[2026-01-14 01:29:01] No scheduler jobs found
[2026-01-14 01:30:01] No scheduler jobs found
[2026-01-14 01:31:01] No scheduler jobs found
[2026-01-14 01:32:01] No scheduler jobs found
[2026-01-14 01:33:01] No scheduler jobs found
[2026-01-14 01:34:01] No scheduler jobs found
[2026-01-14 01:35:01] No scheduler jobs found
[2026-01-14 01:36:01] No scheduler jobs found
[2026-01-14 01:37:01] No scheduler jobs found
[2026-01-14 01:38:01] No scheduler jobs found
[2026-01-14 01:39:01] No scheduler jobs found
[2026-01-14 01:40:02] No scheduler jobs found
[2026-01-14 01:41:01] No scheduler jobs found
[2026-01-14 01:42:01] No scheduler jobs found
[2026-01-14 01:43:01] No scheduler jobs found
[2026-01-14 01:44:01] No scheduler jobs found
[2026-01-14 01:45:01] No scheduler jobs found
[2026-01-14 01:46:01] No scheduler jobs found
[2026-01-14 01:47:01] No scheduler jobs found
[2026-01-14 01:48:01] No scheduler jobs found
[2026-01-14 01:49:01] No scheduler jobs found
[2026-01-14 01:50:01] No scheduler jobs found
[2026-01-14 01:51:01] No scheduler jobs found
[2026-01-14 01:52:01] No scheduler jobs found
[2026-01-14 01:53:01] No scheduler jobs found
[2026-01-14 01:54:01] No scheduler jobs found
[2026-01-14 01:55:01] No scheduler jobs found
[2026-01-14 01:56:01] No scheduler jobs found
[2026-01-14 01:57:01] No scheduler jobs found
[2026-01-14 01:58:01] No scheduler jobs found
[2026-01-14 01:59:01] No scheduler jobs found
[2026-01-14 02:00:01] No scheduler jobs found
[2026-01-14 02:01:01] No scheduler jobs found
[2026-01-14 02:02:01] No scheduler jobs found
[2026-01-14 02:03:01] No scheduler jobs found
[2026-01-14 02:04:01] No scheduler jobs found
[2026-01-14 02:05:01] No scheduler jobs found
[2026-01-14 02:06:01] No scheduler jobs found
[2026-01-14 02:07:01] No scheduler jobs found
[2026-01-14 02:08:01] No scheduler jobs found
[2026-01-14 02:09:01] No scheduler jobs found
[2026-01-14 02:10:01] No scheduler jobs found
[2026-01-14 02:11:01] No scheduler jobs found
[2026-01-14 02:12:01] No scheduler jobs found
[2026-01-14 02:13:01] No scheduler jobs found
[2026-01-14 02:14:01] No scheduler jobs found
[2026-01-14 02:15:01] No scheduler jobs found
[2026-01-14 02:16:01] No scheduler jobs found
[2026-01-14 02:17:01] No scheduler jobs found
[2026-01-14 02:18:01] No scheduler jobs found
[2026-01-14 02:19:01] No scheduler jobs found
[2026-01-14 02:20:01] No scheduler jobs found
[2026-01-14 02:21:01] No scheduler jobs found
[2026-01-14 02:22:02] No scheduler jobs found
[2026-01-14 02:23:01] No scheduler jobs found
[2026-01-14 02:24:01] No scheduler jobs found
[2026-01-14 02:25:01] No scheduler jobs found
[2026-01-14 02:26:01] No scheduler jobs found
[2026-01-14 02:27:01] No scheduler jobs found
[2026-01-14 02:28:01] No scheduler jobs found
[2026-01-14 02:29:01] No scheduler jobs found
[2026-01-14 02:30:01] No scheduler jobs found
[2026-01-14 02:31:01] No scheduler jobs found
[2026-01-14 02:32:01] No scheduler jobs found
[2026-01-14 02:33:01] No scheduler jobs found
[2026-01-14 02:34:01] No scheduler jobs found
[2026-01-14 02:35:01] No scheduler jobs found
[2026-01-14 02:36:01] No scheduler jobs found
[2026-01-14 02:37:01] No scheduler jobs found
[2026-01-14 02:38:01] No scheduler jobs found
[2026-01-14 02:39:01] No scheduler jobs found
[2026-01-14 02:40:01] No scheduler jobs found
[2026-01-14 02:41:01] No scheduler jobs found
[2026-01-14 02:42:01] No scheduler jobs found
[2026-01-14 02:43:01] No scheduler jobs found
[2026-01-14 02:44:01] No scheduler jobs found
[2026-01-14 02:45:01] No scheduler jobs found
[2026-01-14 02:46:01] No scheduler jobs found
[2026-01-14 02:47:01] No scheduler jobs found
[2026-01-14 02:48:01] No scheduler jobs found
[2026-01-14 02:49:01] No scheduler jobs found
[2026-01-14 02:50:01] No scheduler jobs found
[2026-01-14 02:51:01] No scheduler jobs found
[2026-01-14 02:52:01] No scheduler jobs found
[2026-01-14 02:53:01] No scheduler jobs found
[2026-01-14 02:54:01] No scheduler jobs found
[2026-01-14 02:55:01] No scheduler jobs found
[2026-01-14 02:56:01] No scheduler jobs found
[2026-01-14 02:57:01] No scheduler jobs found
[2026-01-14 02:58:01] No scheduler jobs found
[2026-01-14 02:59:01] No scheduler jobs found
[2026-01-14 03:00:01] No scheduler jobs found
[2026-01-14 03:01:01] No scheduler jobs found
[2026-01-14 03:02:01] No scheduler jobs found
[2026-01-14 03:03:02] No scheduler jobs found
[2026-01-14 03:04:01] No scheduler jobs found
[2026-01-14 03:05:01] No scheduler jobs found
[2026-01-14 03:06:01] No scheduler jobs found
[2026-01-14 03:07:01] No scheduler jobs found
[2026-01-14 03:08:01] No scheduler jobs found
[2026-01-14 03:09:01] No scheduler jobs found
[2026-01-14 03:10:01] No scheduler jobs found
[2026-01-14 03:11:01] No scheduler jobs found
[2026-01-14 03:12:01] No scheduler jobs found
[2026-01-14 03:13:01] No scheduler jobs found
[2026-01-14 03:14:01] No scheduler jobs found
[2026-01-14 03:15:01] No scheduler jobs found
[2026-01-14 03:16:01] No scheduler jobs found
[2026-01-14 03:17:01] No scheduler jobs found
[2026-01-14 03:18:01] No scheduler jobs found
[2026-01-14 03:19:01] No scheduler jobs found
[2026-01-14 03:20:01] No scheduler jobs found
[2026-01-14 03:21:01] No scheduler jobs found
[2026-01-14 03:22:01] No scheduler jobs found
[2026-01-14 03:23:01] No scheduler jobs found
[2026-01-14 03:24:01] No scheduler jobs found
[2026-01-14 03:25:01] No scheduler jobs found
[2026-01-14 03:26:01] No scheduler jobs found
[2026-01-14 03:27:01] No scheduler jobs found
[2026-01-14 03:28:01] No scheduler jobs found
[2026-01-14 03:29:01] No scheduler jobs found
[2026-01-14 03:30:01] No scheduler jobs found
[2026-01-14 03:31:01] No scheduler jobs found
[2026-01-14 03:32:01] No scheduler jobs found
[2026-01-14 03:33:01] No scheduler jobs found
[2026-01-14 03:34:01] No scheduler jobs found
[2026-01-14 03:35:01] No scheduler jobs found
[2026-01-14 03:36:01] No scheduler jobs found
[2026-01-14 03:37:01] No scheduler jobs found
[2026-01-14 03:38:01] No scheduler jobs found
[2026-01-14 03:39:01] No scheduler jobs found
[2026-01-14 03:40:01] No scheduler jobs found
[2026-01-14 03:41:01] No scheduler jobs found
[2026-01-14 03:42:01] No scheduler jobs found
[2026-01-14 03:43:02] No scheduler jobs found
[2026-01-14 03:44:01] No scheduler jobs found
[2026-01-14 03:45:01] No scheduler jobs found
[2026-01-14 03:46:01] No scheduler jobs found
[2026-01-14 03:47:01] No scheduler jobs found
[2026-01-14 03:48:01] No scheduler jobs found
[2026-01-14 03:49:01] No scheduler jobs found
[2026-01-14 03:50:01] No scheduler jobs found
[2026-01-14 03:51:01] No scheduler jobs found
[2026-01-14 03:52:01] No scheduler jobs found
[2026-01-14 03:53:01] No scheduler jobs found
[2026-01-14 03:54:01] No scheduler jobs found
[2026-01-14 03:55:01] No scheduler jobs found
[2026-01-14 03:56:01] No scheduler jobs found
[2026-01-14 03:57:01] No scheduler jobs found
[2026-01-14 03:58:01] No scheduler jobs found
[2026-01-14 03:59:01] No scheduler jobs found
[2026-01-14 04:00:01] No scheduler jobs found
[2026-01-14 04:01:01] No scheduler jobs found
[2026-01-14 04:02:01] No scheduler jobs found
[2026-01-14 04:03:01] No scheduler jobs found
[2026-01-14 04:04:01] No scheduler jobs found
[2026-01-14 04:05:01] No scheduler jobs found
[2026-01-14 04:06:01] No scheduler jobs found
[2026-01-14 04:07:01] No scheduler jobs found
[2026-01-14 04:08:01] No scheduler jobs found
[2026-01-14 04:09:01] No scheduler jobs found
[2026-01-14 04:10:01] No scheduler jobs found
[2026-01-14 04:11:01] No scheduler jobs found
[2026-01-14 04:12:01] No scheduler jobs found
[2026-01-14 04:13:01] No scheduler jobs found
[2026-01-14 04:14:01] No scheduler jobs found
[2026-01-14 04:15:01] No scheduler jobs found
[2026-01-14 04:16:01] No scheduler jobs found
[2026-01-14 04:17:01] No scheduler jobs found
[2026-01-14 04:18:01] No scheduler jobs found
[2026-01-14 04:19:01] No scheduler jobs found
[2026-01-14 04:20:01] No scheduler jobs found
[2026-01-14 04:21:01] No scheduler jobs found
[2026-01-14 04:22:01] No scheduler jobs found
[2026-01-14 04:23:01] No scheduler jobs found
[2026-01-14 04:24:01] No scheduler jobs found
[2026-01-14 04:25:02] No scheduler jobs found
[2026-01-14 04:26:01] No scheduler jobs found
[2026-01-14 04:27:01] No scheduler jobs found
[2026-01-14 04:28:01] No scheduler jobs found
[2026-01-14 04:29:01] No scheduler jobs found
[2026-01-14 04:30:01] No scheduler jobs found
[2026-01-14 04:31:01] No scheduler jobs found
[2026-01-14 04:32:01] No scheduler jobs found
[2026-01-14 04:33:01] No scheduler jobs found
[2026-01-14 04:34:01] No scheduler jobs found
[2026-01-14 04:35:01] No scheduler jobs found
[2026-01-14 04:36:01] No scheduler jobs found
[2026-01-14 04:37:01] No scheduler jobs found
[2026-01-14 04:38:01] No scheduler jobs found
[2026-01-14 04:39:01] No scheduler jobs found
[2026-01-14 04:40:01] No scheduler jobs found
[2026-01-14 04:41:01] No scheduler jobs found
[2026-01-14 04:42:01] No scheduler jobs found
[2026-01-14 04:43:01] No scheduler jobs found
[2026-01-14 04:44:01] No scheduler jobs found
[2026-01-14 04:45:01] No scheduler jobs found
[2026-01-14 04:46:01] No scheduler jobs found
[2026-01-14 04:47:01] No scheduler jobs found
[2026-01-14 04:48:01] No scheduler jobs found
[2026-01-14 04:49:01] No scheduler jobs found
[2026-01-14 04:50:01] No scheduler jobs found
[2026-01-14 04:51:01] No scheduler jobs found
[2026-01-14 04:52:01] No scheduler jobs found
[2026-01-14 04:53:01] No scheduler jobs found
[2026-01-14 04:54:01] No scheduler jobs found
[2026-01-14 04:55:01] No scheduler jobs found
[2026-01-14 04:56:01] No scheduler jobs found
[2026-01-14 04:57:01] No scheduler jobs found
[2026-01-14 04:58:01] No scheduler jobs found
[2026-01-14 04:59:01] No scheduler jobs found
[2026-01-14 05:00:01] No scheduler jobs found
[2026-01-14 05:01:01] No scheduler jobs found
[2026-01-14 05:02:01] No scheduler jobs found
[2026-01-14 05:03:01] No scheduler jobs found
[2026-01-14 05:04:01] No scheduler jobs found
[2026-01-14 05:05:02] No scheduler jobs found
[2026-01-14 05:06:01] No scheduler jobs found
[2026-01-14 05:07:01] No scheduler jobs found
[2026-01-14 05:08:01] No scheduler jobs found
[2026-01-14 05:09:01] No scheduler jobs found
[2026-01-14 05:10:01] No scheduler jobs found
[2026-01-14 05:11:01] No scheduler jobs found
[2026-01-14 05:12:01] No scheduler jobs found
[2026-01-14 05:13:01] No scheduler jobs found
[2026-01-14 05:14:01] No scheduler jobs found
[2026-01-14 05:15:01] No scheduler jobs found
[2026-01-14 05:16:01] No scheduler jobs found
[2026-01-14 05:17:01] No scheduler jobs found
[2026-01-14 05:18:01] No scheduler jobs found
[2026-01-14 05:19:01] No scheduler jobs found
[2026-01-14 05:20:01] No scheduler jobs found
[2026-01-14 05:21:01] No scheduler jobs found
[2026-01-14 05:22:01] No scheduler jobs found
[2026-01-14 05:23:01] No scheduler jobs found
[2026-01-14 05:24:01] No scheduler jobs found
[2026-01-14 05:25:01] No scheduler jobs found
[2026-01-14 05:26:01] No scheduler jobs found
[2026-01-14 05:27:01] No scheduler jobs found
[2026-01-14 05:28:01] No scheduler jobs found
[2026-01-14 05:29:01] No scheduler jobs found
[2026-01-14 05:30:01] Complaint inserted from scheduler
[2026-01-14 05:30:01] Mail sent for complaint #10166
[2026-01-14 05:30:01] Updated scheduler → timer=1 | next=2026-01-15 00:00:00
[2026-01-14 05:31:01] Complaint inserted from scheduler
[2026-01-14 05:31:01] Mail sent for complaint #10167
[2026-01-14 05:31:01] Updated scheduler → timer=1 | next=2026-01-15 00:00:00
[2026-01-14 05:32:01] Complaint inserted from scheduler
[2026-01-14 05:32:01] Mail sent for complaint #10168
[2026-01-14 05:32:01] Updated scheduler → timer=1 | next=2026-01-15 00:00:00
[2026-01-14 05:33:01] Complaint inserted from scheduler
[2026-01-14 05:33:01] Mail sent for complaint #10169
[2026-01-14 05:33:01] Updated scheduler → timer=1 | next=2026-01-15 00:00:00
[2026-01-14 05:34:01] Complaint inserted from scheduler
[2026-01-14 05:34:01] Mail sent for complaint #10170
[2026-01-14 05:34:01] Updated scheduler → timer=1 | next=2026-01-15 00:00:00
[2026-01-14 05:35:01] Complaint inserted from scheduler
[2026-01-14 05:35:01] Mail sent for complaint #10171
[2026-01-14 05:35:01] Updated scheduler → timer=1 | next=2026-01-15 00:00:00
[2026-01-14 05:36:01] Complaint inserted from scheduler
[2026-01-14 05:36:01] Mail sent for complaint #10172
[2026-01-14 05:36:01] Updated scheduler → timer=1 | next=2026-01-15 00:00:00
[2026-01-14 05:37:01] Complaint inserted from scheduler
[2026-01-14 05:37:01] Mail sent for complaint #10173
[2026-01-14 05:37:01] Updated scheduler → timer=1 | next=2026-01-15 00:00:00
[2026-01-14 05:38:02] Complaint inserted from scheduler
[2026-01-14 05:38:02] Mail sent for complaint #10174
[2026-01-14 05:38:02] Updated scheduler → timer=1 | next=2026-01-15 00:00:00
[2026-01-14 05:39:01] Complaint inserted from scheduler
[2026-01-14 05:39:01] Mail sent for complaint #10175
[2026-01-14 05:39:01] Updated scheduler → timer=1 | next=2026-01-15 00:00:00
[2026-01-14 05:40:01] Complaint inserted from scheduler
[2026-01-14 05:40:01] Mail sent for complaint #10176
[2026-01-14 05:40:01] Updated scheduler → timer=1 | next=2026-01-15 00:00:00
[2026-01-14 05:41:01] Complaint inserted from scheduler
[2026-01-14 05:41:01] Mail sent for complaint #10177
[2026-01-14 05:41:01] Updated scheduler → timer=1 | next=2026-01-15 00:00:00
[2026-01-14 05:42:01] Complaint inserted from scheduler
[2026-01-14 05:42:01] Mail sent for complaint #10178
[2026-01-14 05:42:01] Updated scheduler → timer=1 | next=2026-01-15 00:00:00
[2026-01-14 05:43:01] Complaint inserted from scheduler
[2026-01-14 05:43:01] Mail sent for complaint #10179
[2026-01-14 05:43:01] Updated scheduler → timer=1 | next=2026-01-15 00:00:00
[2026-01-14 05:44:01] Complaint inserted from scheduler
[2026-01-14 05:44:01] Mail sent for complaint #10180
[2026-01-14 05:44:01] Updated scheduler → timer=1 | next=2026-01-15 00:00:00
[2026-01-14 05:45:01] Complaint inserted from scheduler
[2026-01-14 05:45:01] Mail sent for complaint #10181
[2026-01-14 05:45:01] Updated scheduler → timer=1 | next=2026-01-15 00:00:00
[2026-01-14 05:46:01] Complaint inserted from scheduler
[2026-01-14 05:46:01] Mail sent for complaint #10182
[2026-01-14 05:46:01] Updated scheduler → timer=1 | next=2026-01-15 00:00:00
[2026-01-14 05:47:01] Complaint inserted from scheduler
[2026-01-14 05:47:01] Mail sent for complaint #10183
[2026-01-14 05:47:01] Updated scheduler → timer=1 | next=2026-01-15 00:00:00
[2026-01-14 05:48:01] Complaint inserted from scheduler
[2026-01-14 05:48:01] Mail sent for complaint #10184
[2026-01-14 05:48:01] Updated scheduler → timer=1 | next=2026-01-15 00:00:00
[2026-01-14 05:49:01] Complaint inserted from scheduler
[2026-01-14 05:49:01] Mail sent for complaint #10185
[2026-01-14 05:49:01] Updated scheduler → timer=1 | next=2026-01-15 00:00:00
[2026-01-14 05:50:01] Complaint inserted from scheduler
[2026-01-14 05:50:01] Mail sent for complaint #10186
[2026-01-14 05:50:01] Updated scheduler → timer=1 | next=2026-01-15 00:00:00
[2026-01-14 05:51:01] Complaint inserted from scheduler
[2026-01-14 05:51:01] Mail sent for complaint #10187
[2026-01-14 05:51:01] Updated scheduler → timer=1 | next=2026-01-15 00:00:00
[2026-01-14 05:52:01] Complaint inserted from scheduler
[2026-01-14 05:52:01] Mail sent for complaint #10188
[2026-01-14 05:52:01] Updated scheduler → timer=1 | next=2026-01-15 00:00:00
[2026-01-14 05:53:01] Complaint inserted from scheduler
[2026-01-14 05:53:01] Mail sent for complaint #10189
[2026-01-14 05:53:01] Updated scheduler → timer=1 | next=2026-01-15 00:00:00
[2026-01-14 05:54:01] Complaint inserted from scheduler
[2026-01-14 05:54:01] Mail sent for complaint #10190
[2026-01-14 05:54:01] Updated scheduler → timer=1 | next=2026-01-15 00:00:00
[2026-01-14 05:55:01] Complaint inserted from scheduler
[2026-01-14 05:55:01] Mail sent for complaint #10191
[2026-01-14 05:55:01] Updated scheduler → timer=1 | next=2026-01-15 00:00:00
[2026-01-14 05:56:01] Complaint inserted from scheduler
[2026-01-14 05:56:01] Mail sent for complaint #10192
[2026-01-14 05:56:01] Updated scheduler → timer=1 | next=2026-01-15 00:00:00
[2026-01-14 05:57:01] Complaint inserted from scheduler
[2026-01-14 05:57:01] Mail sent for complaint #10193
[2026-01-14 05:57:01] Updated scheduler → timer=1 | next=2026-01-15 00:00:00
[2026-01-14 05:58:02] Complaint inserted from scheduler
[2026-01-14 05:58:02] Mail sent for complaint #10194
[2026-01-14 05:58:02] Updated scheduler → timer=1 | next=2026-01-15 00:00:00
[2026-01-14 05:59:01] Complaint inserted from scheduler
[2026-01-14 05:59:01] Mail sent for complaint #10195
[2026-01-14 05:59:01] Updated scheduler → timer=1 | next=2026-01-15 00:00:00
[2026-01-14 06:00:01] Complaint inserted from scheduler
[2026-01-14 06:00:01] Mail sent for complaint #10196
[2026-01-14 06:00:01] Updated scheduler → timer=1 | next=2026-01-15 00:00:00
[2026-01-14 06:01:01] Complaint inserted from scheduler
[2026-01-14 06:01:01] Mail sent for complaint #10197
[2026-01-14 06:01:01] Updated scheduler → timer=1 | next=2026-01-15 00:00:00
[2026-01-14 06:02:01] Complaint inserted from scheduler
[2026-01-14 06:02:01] Mail sent for complaint #10198
[2026-01-14 06:02:01] Updated scheduler → timer=1 | next=2026-01-15 00:00:00
[2026-01-14 06:03:01] Complaint inserted from scheduler
[2026-01-14 06:03:01] Mail sent for complaint #10199
[2026-01-14 06:03:01] Updated scheduler → timer=1 | next=2026-01-15 00:00:00
[2026-01-14 06:04:01] Complaint inserted from scheduler
[2026-01-14 06:04:01] Mail sent for complaint #10200
[2026-01-14 06:04:01] Updated scheduler → timer=1 | next=2026-01-15 00:00:00
[2026-01-14 06:05:01] Complaint inserted from scheduler
[2026-01-14 06:05:01] Mail sent for complaint #10201
[2026-01-14 06:05:01] Updated scheduler → timer=1 | next=2026-01-15 00:00:00
[2026-01-14 06:06:01] Complaint inserted from scheduler
[2026-01-14 06:06:01] Mail sent for complaint #10202
[2026-01-14 06:06:01] Updated scheduler → timer=1 | next=2026-01-15 00:00:00
[2026-01-14 06:07:01] Complaint inserted from scheduler
[2026-01-14 06:07:01] Mail sent for complaint #10203
[2026-01-14 06:07:01] Updated scheduler → timer=1 | next=2026-01-15 00:00:00
[2026-01-14 06:08:01] Complaint inserted from scheduler
[2026-01-14 06:08:01] Mail sent for complaint #10204
[2026-01-14 06:08:01] Updated scheduler → timer=1 | next=2026-01-15 00:00:00
[2026-01-14 06:09:01] Complaint inserted from scheduler
[2026-01-14 06:09:01] Mail sent for complaint #10205
[2026-01-14 06:09:01] Updated scheduler → timer=1 | next=2026-01-15 00:00:00
[2026-01-14 06:10:01] Complaint inserted from scheduler
[2026-01-14 06:10:01] Mail sent for complaint #10206
[2026-01-14 06:10:01] Updated scheduler → timer=1 | next=2026-01-15 00:00:00
[2026-01-14 06:11:01] Complaint inserted from scheduler
[2026-01-14 06:11:01] Mail sent for complaint #10207
[2026-01-14 06:11:01] Updated scheduler → timer=1 | next=2026-01-15 00:00:00
[2026-01-14 06:12:01] Complaint inserted from scheduler
[2026-01-14 06:12:01] Mail sent for complaint #10208
[2026-01-14 06:12:01] Updated scheduler → timer=1 | next=2026-01-15 00:00:00
[2026-01-14 06:13:01] Complaint inserted from scheduler
[2026-01-14 06:13:01] Mail sent for complaint #10209
[2026-01-14 06:13:01] Updated scheduler → timer=1 | next=2026-01-15 00:00:00
[2026-01-14 06:14:01] Complaint inserted from scheduler
[2026-01-14 06:14:01] Mail sent for complaint #10210
[2026-01-14 06:14:01] Updated scheduler → timer=1 | next=2026-01-15 00:00:00
[2026-01-14 06:15:01] Complaint inserted from scheduler
[2026-01-14 06:15:01] Mail sent for complaint #10211
[2026-01-14 06:15:01] Updated scheduler → timer=1 | next=2026-01-15 00:00:00
[2026-01-14 06:16:01] Complaint inserted from scheduler
[2026-01-14 06:16:01] Mail sent for complaint #10212
[2026-01-14 06:16:01] Updated scheduler → timer=1 | next=2026-01-15 00:00:00
[2026-01-14 06:17:01] Complaint inserted from scheduler
[2026-01-14 06:17:02] Mail sent for complaint #10213
[2026-01-14 06:17:02] Updated scheduler → timer=1 | next=2026-01-15 00:00:00
[2026-01-14 06:18:01] Complaint inserted from scheduler
[2026-01-14 06:18:01] Mail sent for complaint #10214
[2026-01-14 06:18:01] Updated scheduler → timer=1 | next=2026-01-15 00:00:00
[2026-01-14 06:19:01] Complaint inserted from scheduler
[2026-01-14 06:19:01] Mail sent for complaint #10215
[2026-01-14 06:19:01] Updated scheduler → timer=1 | next=2026-01-15 00:00:00
[2026-01-14 06:20:01] Complaint inserted from scheduler
[2026-01-14 06:20:01] Mail sent for complaint #10216
[2026-01-14 06:20:01] Updated scheduler → timer=1 | next=2026-01-15 00:00:00
[2026-01-14 06:21:01] Complaint inserted from scheduler
[2026-01-14 06:21:01] Mail sent for complaint #10217
[2026-01-14 06:21:01] Updated scheduler → timer=1 | next=2026-01-15 00:00:00
[2026-01-14 06:22:01] Complaint inserted from scheduler
[2026-01-14 06:22:01] Mail sent for complaint #10218
[2026-01-14 06:22:01] Updated scheduler → timer=1 | next=2026-01-15 00:00:00
[2026-01-14 06:23:01] Complaint inserted from scheduler
[2026-01-14 06:23:01] Mail sent for complaint #10219
[2026-01-14 06:23:01] Updated scheduler → timer=1 | next=2026-01-15 00:00:00
[2026-01-14 06:24:01] Complaint inserted from scheduler
[2026-01-14 06:24:01] Mail sent for complaint #10220
[2026-01-14 06:24:01] Updated scheduler → timer=1 | next=2026-01-15 00:00:00
[2026-01-14 06:25:01] Complaint inserted from scheduler
[2026-01-14 06:25:01] Mail sent for complaint #10221
[2026-01-14 06:25:01] Updated scheduler → timer=1 | next=2026-01-15 00:00:00
[2026-01-14 06:26:01] Complaint inserted from scheduler
[2026-01-14 06:26:01] Mail sent for complaint #10222
[2026-01-14 06:26:01] Updated scheduler → timer=1 | next=2026-01-15 00:00:00
[2026-01-14 06:27:01] Complaint inserted from scheduler
[2026-01-14 06:27:01] Mail sent for complaint #10223
[2026-01-14 06:27:01] Updated scheduler → timer=1 | next=2026-01-15 00:00:00
[2026-01-14 06:28:01] Complaint inserted from scheduler
[2026-01-14 06:28:01] Mail sent for complaint #10224
[2026-01-14 06:28:01] Updated scheduler → timer=1 | next=2026-01-15 00:00:00
[2026-01-14 06:29:01] Complaint inserted from scheduler
[2026-01-14 06:29:01] Mail sent for complaint #10225
[2026-01-14 06:29:01] Updated scheduler → timer=1 | next=2026-01-15 00:00:00
[2026-01-14 06:30:01] Complaint inserted from scheduler
[2026-01-14 06:30:01] Mail sent for complaint #10226
[2026-01-14 06:30:01] Updated scheduler → timer=1 | next=2026-01-15 00:00:00
[2026-01-14 06:31:01] Complaint inserted from scheduler
[2026-01-14 06:31:01] Mail sent for complaint #10227
[2026-01-14 06:31:01] Updated scheduler → timer=1 | next=2026-01-15 00:00:00
[2026-01-14 06:32:01] Complaint inserted from scheduler
[2026-01-14 06:32:01] Mail sent for complaint #10228
[2026-01-14 06:32:01] Updated scheduler → timer=1 | next=2026-01-15 00:00:00
[2026-01-14 06:33:01] Complaint inserted from scheduler
[2026-01-14 06:33:01] Mail sent for complaint #10229
[2026-01-14 06:33:01] Updated scheduler → timer=1 | next=2026-01-15 00:00:00
[2026-01-14 06:34:01] Complaint inserted from scheduler
[2026-01-14 06:34:01] Mail sent for complaint #10230
[2026-01-14 06:34:01] Updated scheduler → timer=1 | next=2026-01-15 00:00:00
[2026-01-14 06:35:01] Complaint inserted from scheduler
[2026-01-14 06:35:01] Mail sent for complaint #10231
[2026-01-14 06:35:01] Updated scheduler → timer=1 | next=2026-01-15 00:00:00
[2026-01-14 06:36:01] Complaint inserted from scheduler
[2026-01-14 06:36:01] Mail sent for complaint #10232
[2026-01-14 06:36:01] Updated scheduler → timer=1 | next=2026-01-15 00:00:00
[2026-01-14 06:37:01] Complaint inserted from scheduler
[2026-01-14 06:37:02] Mail sent for complaint #10233
[2026-01-14 06:37:02] Updated scheduler → timer=1 | next=2026-01-15 00:00:00
[2026-01-14 06:38:01] Complaint inserted from scheduler
[2026-01-14 06:38:01] Mail sent for complaint #10234
[2026-01-14 06:38:01] Updated scheduler → timer=1 | next=2026-01-15 00:00:00
[2026-01-14 06:39:01] Complaint inserted from scheduler
[2026-01-14 06:39:01] Mail sent for complaint #10235
[2026-01-14 06:39:01] Updated scheduler → timer=1 | next=2026-01-15 00:00:00
[2026-01-14 06:40:01] Complaint inserted from scheduler
[2026-01-14 06:40:01] Mail sent for complaint #10236
[2026-01-14 06:40:01] Updated scheduler → timer=1 | next=2026-01-15 00:00:00
[2026-01-14 06:41:01] Complaint inserted from scheduler
[2026-01-14 06:41:01] Mail sent for complaint #10237
[2026-01-14 06:41:01] Updated scheduler → timer=1 | next=2026-01-15 00:00:00
[2026-01-14 06:42:01] Complaint inserted from scheduler
[2026-01-14 06:42:01] Mail sent for complaint #10238
[2026-01-14 06:42:01] Updated scheduler → timer=1 | next=2026-01-15 00:00:00
[2026-01-14 06:43:01] Complaint inserted from scheduler
[2026-01-14 06:43:01] Mail sent for complaint #10239
[2026-01-14 06:43:01] Updated scheduler → timer=1 | next=2026-01-15 00:00:00
[2026-01-14 06:44:01] Complaint inserted from scheduler
[2026-01-14 06:44:01] Mail sent for complaint #10240
[2026-01-14 06:44:01] Updated scheduler → timer=1 | next=2026-01-15 00:00:00
[2026-01-14 06:45:01] Complaint inserted from scheduler
[2026-01-14 06:45:01] Mail sent for complaint #10241
[2026-01-14 06:45:01] Updated scheduler → timer=1 | next=2026-01-15 00:00:00
[2026-01-14 06:46:01] Complaint inserted from scheduler
[2026-01-14 06:46:01] Mail sent for complaint #10242
[2026-01-14 06:46:01] Updated scheduler → timer=1 | next=2026-01-15 00:00:00
[2026-01-14 06:47:01] Complaint inserted from scheduler
[2026-01-14 06:47:01] Mail sent for complaint #10243
[2026-01-14 06:47:01] Updated scheduler → timer=1 | next=2026-01-15 00:00:00
[2026-01-14 06:48:01] Complaint inserted from scheduler
[2026-01-14 06:48:01] Mail sent for complaint #10244
[2026-01-14 06:48:01] Updated scheduler → timer=1 | next=2026-01-15 00:00:00
[2026-01-14 06:49:01] Complaint inserted from scheduler
[2026-01-14 06:49:01] Mail sent for complaint #10245
[2026-01-14 06:49:01] Updated scheduler → timer=1 | next=2026-01-15 00:00:00
[2026-01-14 06:50:01] Complaint inserted from scheduler
[2026-01-14 06:50:01] Mail sent for complaint #10246
[2026-01-14 06:50:01] Updated scheduler → timer=1 | next=2026-01-15 00:00:00
[2026-01-14 06:51:01] Complaint inserted from scheduler
[2026-01-14 06:51:01] Mail sent for complaint #10247
[2026-01-14 06:51:01] Updated scheduler → timer=1 | next=2026-01-15 00:00:00
[2026-01-14 06:52:01] Complaint inserted from scheduler
[2026-01-14 06:52:01] Mail sent for complaint #10248
[2026-01-14 06:52:01] Updated scheduler → timer=1 | next=2026-01-15 00:00:00
[2026-01-14 06:53:01] Complaint inserted from scheduler
[2026-01-14 06:53:01] Mail sent for complaint #10249
[2026-01-14 06:53:01] Updated scheduler → timer=1 | next=2026-01-15 00:00:00
[2026-01-14 06:54:01] Complaint inserted from scheduler
[2026-01-14 06:54:16] Mail sent for complaint #10250
[2026-01-14 06:54:16] Updated scheduler → timer=1 | next=2026-01-15 00:00:00
[2026-01-14 06:55:01] Complaint inserted from scheduler
[2026-01-14 06:55:08] Mail sent for complaint #10251
[2026-01-14 06:55:08] Updated scheduler → timer=1 | next=2026-01-15 00:00:00
[2026-01-14 06:56:01] Complaint inserted from scheduler
[2026-01-14 06:56:01] Mail sent for complaint #10252
[2026-01-14 06:56:01] Updated scheduler → timer=1 | next=2026-01-15 00:00:00
[2026-01-14 06:57:01] Complaint inserted from scheduler
[2026-01-14 06:57:01] Mail sent for complaint #10253
[2026-01-14 06:57:01] Updated scheduler → timer=1 | next=2026-01-15 00:00:00
[2026-01-14 06:58:01] Complaint inserted from scheduler
[2026-01-14 06:58:01] Mail sent for complaint #10254
[2026-01-14 06:58:01] Updated scheduler → timer=1 | next=2026-01-15 00:00:00
[2026-01-14 06:59:01] Complaint inserted from scheduler
[2026-01-14 06:59:01] Mail sent for complaint #10255
[2026-01-14 06:59:01] Updated scheduler → timer=1 | next=2026-01-15 00:00:00
[2026-01-14 07:00:02] Complaint inserted from scheduler
[2026-01-14 07:00:02] Mail sent for complaint #10256
[2026-01-14 07:00:02] Updated scheduler → timer=1 | next=2026-01-15 00:00:00
[2026-01-14 07:01:01] Complaint inserted from scheduler
[2026-01-14 07:01:01] Mail sent for complaint #10257
[2026-01-14 07:01:01] Updated scheduler → timer=1 | next=2026-01-15 00:00:00
[2026-01-14 07:02:01] Complaint inserted from scheduler
[2026-01-14 07:02:01] Mail sent for complaint #10258
[2026-01-14 07:02:01] Updated scheduler → timer=1 | next=2026-01-15 00:00:00
[2026-01-14 07:03:01] Complaint inserted from scheduler
[2026-01-14 07:03:01] Mail sent for complaint #10259
[2026-01-14 07:03:01] Updated scheduler → timer=1 | next=2026-01-15 00:00:00
[2026-01-14 07:04:01] Complaint inserted from scheduler
[2026-01-14 07:04:01] Mail sent for complaint #10260
[2026-01-14 07:04:01] Updated scheduler → timer=1 | next=2026-01-15 00:00:00
[2026-01-14 07:05:01] Complaint inserted from scheduler
[2026-01-14 07:05:01] Mail sent for complaint #10261
[2026-01-14 07:05:01] Updated scheduler → timer=1 | next=2026-01-15 00:00:00
[2026-01-14 07:06:01] Complaint inserted from scheduler
[2026-01-14 07:06:01] Mail sent for complaint #10262
[2026-01-14 07:06:01] Updated scheduler → timer=1 | next=2026-01-15 00:00:00
[2026-01-14 07:07:01] Complaint inserted from scheduler
[2026-01-14 07:07:01] Mail sent for complaint #10263
[2026-01-14 07:07:01] Updated scheduler → timer=1 | next=2026-01-15 00:00:00
[2026-01-14 07:08:01] Complaint inserted from scheduler
[2026-01-14 07:08:01] Mail sent for complaint #10264
[2026-01-14 07:08:01] Updated scheduler → timer=1 | next=2026-01-15 00:00:00
[2026-01-14 07:09:01] Complaint inserted from scheduler
[2026-01-14 07:09:01] Mail sent for complaint #10265
[2026-01-14 07:09:01] Updated scheduler → timer=1 | next=2026-01-15 00:00:00
[2026-01-14 07:10:01] Complaint inserted from scheduler
[2026-01-14 07:10:01] Mail sent for complaint #10266
[2026-01-14 07:10:01] Updated scheduler → timer=1 | next=2026-01-15 00:00:00
[2026-01-14 07:11:01] Complaint inserted from scheduler
[2026-01-14 07:11:01] Mail sent for complaint #10267
[2026-01-14 07:11:01] Updated scheduler → timer=1 | next=2026-01-15 00:00:00
[2026-01-14 07:12:01] Complaint inserted from scheduler
[2026-01-14 07:12:01] Mail sent for complaint #10268
[2026-01-14 07:12:01] Updated scheduler → timer=1 | next=2026-01-15 00:00:00
[2026-01-14 07:13:01] Complaint inserted from scheduler
[2026-01-14 07:13:01] Mail sent for complaint #10269
[2026-01-14 07:13:01] Updated scheduler → timer=1 | next=2026-01-15 00:00:00
[2026-01-14 07:14:01] Complaint inserted from scheduler
[2026-01-14 07:14:01] Mail sent for complaint #10270
[2026-01-14 07:14:01] Updated scheduler → timer=1 | next=2026-01-15 00:00:00
[2026-01-14 07:15:01] Complaint inserted from scheduler
[2026-01-14 07:15:01] Mail sent for complaint #10271
[2026-01-14 07:15:01] Updated scheduler → timer=1 | next=2026-01-15 00:00:00
[2026-01-14 07:16:01] Complaint inserted from scheduler
[2026-01-14 07:16:01] Mail sent for complaint #10272
[2026-01-14 07:16:01] Updated scheduler → timer=1 | next=2026-01-15 00:00:00
[2026-01-14 07:17:01] Complaint inserted from scheduler
[2026-01-14 07:17:01] Mail sent for complaint #10273
[2026-01-14 07:17:01] Updated scheduler → timer=1 | next=2026-01-15 00:00:00
[2026-01-14 07:18:01] Complaint inserted from scheduler
[2026-01-14 07:18:01] Mail sent for complaint #10274
[2026-01-14 07:18:01] Updated scheduler → timer=1 | next=2026-01-15 00:00:00
[2026-01-14 07:19:01] Complaint inserted from scheduler
[2026-01-14 07:19:01] Mail sent for complaint #10275
[2026-01-14 07:19:01] Updated scheduler → timer=1 | next=2026-01-15 00:00:00
[2026-01-14 07:20:01] Complaint inserted from scheduler
[2026-01-14 07:20:02] Mail sent for complaint #10276
[2026-01-14 07:20:02] Updated scheduler → timer=1 | next=2026-01-15 00:00:00
[2026-01-14 07:21:01] Complaint inserted from scheduler
[2026-01-14 07:21:01] Mail sent for complaint #10277
[2026-01-14 07:21:01] Updated scheduler → timer=1 | next=2026-01-15 00:00:00
[2026-01-14 07:22:01] Complaint inserted from scheduler
[2026-01-14 07:22:01] Mail sent for complaint #10278
[2026-01-14 07:22:01] Updated scheduler → timer=1 | next=2026-01-15 00:00:00
[2026-01-14 07:23:01] Complaint inserted from scheduler
[2026-01-14 07:23:01] Mail sent for complaint #10279
[2026-01-14 07:23:01] Updated scheduler → timer=1 | next=2026-01-15 00:00:00
[2026-01-14 07:24:01] Complaint inserted from scheduler
[2026-01-14 07:24:01] Mail sent for complaint #10280
[2026-01-14 07:24:01] Updated scheduler → timer=1 | next=2026-01-15 00:00:00
[2026-01-14 07:25:01] Complaint inserted from scheduler
[2026-01-14 07:25:01] Mail sent for complaint #10281
[2026-01-14 07:25:01] Updated scheduler → timer=1 | next=2026-01-15 00:00:00
[2026-01-14 07:26:01] Complaint inserted from scheduler
[2026-01-14 07:26:01] Mail sent for complaint #10282
[2026-01-14 07:26:01] Updated scheduler → timer=1 | next=2026-01-15 00:00:00
[2026-01-14 07:27:01] Complaint inserted from scheduler
[2026-01-14 07:27:01] Mail sent for complaint #10283
[2026-01-14 07:27:01] Updated scheduler → timer=1 | next=2026-01-15 00:00:00
[2026-01-14 07:28:01] Complaint inserted from scheduler
[2026-01-14 07:28:01] Mail sent for complaint #10284
[2026-01-14 07:28:01] Updated scheduler → timer=1 | next=2026-01-15 00:00:00
[2026-01-14 07:29:01] Complaint inserted from scheduler
[2026-01-14 07:29:01] Mail sent for complaint #10285
[2026-01-14 07:29:01] Updated scheduler → timer=1 | next=2026-01-15 00:00:00
[2026-01-14 07:30:01] Complaint inserted from scheduler
[2026-01-14 07:30:01] Mail sent for complaint #10286
[2026-01-14 07:30:01] Updated scheduler → timer=1 | next=2026-01-15 00:00:00
[2026-01-14 07:31:01] Complaint inserted from scheduler
[2026-01-14 07:31:01] Mail sent for complaint #10287
[2026-01-14 07:31:01] Updated scheduler → timer=1 | next=2026-01-15 00:00:00
[2026-01-14 07:32:01] Complaint inserted from scheduler
[2026-01-14 07:32:01] Mail sent for complaint #10288
[2026-01-14 07:32:01] Updated scheduler → timer=1 | next=2026-01-15 00:00:00
[2026-01-14 07:33:01] Complaint inserted from scheduler
[2026-01-14 07:33:01] Mail sent for complaint #10289
[2026-01-14 07:33:01] Updated scheduler → timer=1 | next=2026-01-15 00:00:00
[2026-01-14 07:34:01] Complaint inserted from scheduler
[2026-01-14 07:34:01] Mail sent for complaint #10290
[2026-01-14 07:34:01] Updated scheduler → timer=1 | next=2026-01-15 00:00:00
[2026-01-14 07:35:01] Complaint inserted from scheduler
[2026-01-14 07:35:01] Mail sent for complaint #10291
[2026-01-14 07:35:01] Updated scheduler → timer=1 | next=2026-01-15 00:00:00
[2026-01-14 07:36:01] Complaint inserted from scheduler
[2026-01-14 07:36:01] Mail sent for complaint #10292
[2026-01-14 07:36:01] Updated scheduler → timer=1 | next=2026-01-15 00:00:00
[2026-01-14 07:37:01] Complaint inserted from scheduler
[2026-01-14 07:37:01] Mail sent for complaint #10293
[2026-01-14 07:37:01] Updated scheduler → timer=1 | next=2026-01-15 00:00:00
[2026-01-14 07:38:01] Complaint inserted from scheduler
[2026-01-14 07:38:01] Mail sent for complaint #10294
[2026-01-14 07:38:01] Updated scheduler → timer=1 | next=2026-01-15 00:00:00
[2026-01-14 07:39:01] Complaint inserted from scheduler
[2026-01-14 07:39:02] Mail sent for complaint #10295
[2026-01-14 07:39:02] Updated scheduler → timer=1 | next=2026-01-15 00:00:00
[2026-01-14 07:40:01] Complaint inserted from scheduler
[2026-01-14 07:40:01] Mail sent for complaint #10296
[2026-01-14 07:40:01] Updated scheduler → timer=1 | next=2026-01-15 00:00:00
[2026-01-14 07:41:01] Complaint inserted from scheduler
[2026-01-14 07:41:01] Mail sent for complaint #10297
[2026-01-14 07:41:01] Updated scheduler → timer=1 | next=2026-01-15 00:00:00
[2026-01-14 07:42:01] Complaint inserted from scheduler
[2026-01-14 07:42:01] Mail sent for complaint #10298
[2026-01-14 07:42:01] Updated scheduler → timer=1 | next=2026-01-15 00:00:00
[2026-01-14 07:43:01] Complaint inserted from scheduler
[2026-01-14 07:43:01] Mail sent for complaint #10299
[2026-01-14 07:43:01] Updated scheduler → timer=1 | next=2026-01-15 00:00:00
[2026-01-14 07:44:01] Complaint inserted from scheduler
[2026-01-14 07:44:01] Mail sent for complaint #10300
[2026-01-14 07:44:01] Updated scheduler → timer=1 | next=2026-01-15 00:00:00
[2026-01-14 07:45:01] Complaint inserted from scheduler
[2026-01-14 07:45:01] Mail sent for complaint #10301
[2026-01-14 07:45:01] Updated scheduler → timer=1 | next=2026-01-15 00:00:00
[2026-01-14 07:46:01] Complaint inserted from scheduler
[2026-01-14 07:46:01] Mail sent for complaint #10302
[2026-01-14 07:46:01] Updated scheduler → timer=1 | next=2026-01-15 00:00:00
[2026-01-14 07:47:01] Complaint inserted from scheduler
[2026-01-14 07:47:01] Mail sent for complaint #10303
[2026-01-14 07:47:01] Updated scheduler → timer=1 | next=2026-01-15 00:00:00
[2026-01-14 07:48:01] Complaint inserted from scheduler
[2026-01-14 07:48:01] Mail sent for complaint #10304
[2026-01-14 07:48:01] Updated scheduler → timer=1 | next=2026-01-15 00:00:00
[2026-01-14 07:49:01] Complaint inserted from scheduler
[2026-01-14 07:49:01] Mail sent for complaint #10305
[2026-01-14 07:49:01] Updated scheduler → timer=1 | next=2026-01-15 00:00:00
[2026-01-14 07:50:01] Complaint inserted from scheduler
[2026-01-14 07:50:01] Mail sent for complaint #10306
[2026-01-14 07:50:01] Updated scheduler → timer=1 | next=2026-01-15 00:00:00
[2026-01-14 07:51:01] Complaint inserted from scheduler
[2026-01-14 07:51:01] Mail sent for complaint #10307
[2026-01-14 07:51:01] Updated scheduler → timer=1 | next=2026-01-15 00:00:00
[2026-01-14 07:52:01] Complaint inserted from scheduler
[2026-01-14 07:52:01] Mail sent for complaint #10308
[2026-01-14 07:52:01] Updated scheduler → timer=1 | next=2026-01-15 00:00:00
[2026-01-14 07:53:01] Complaint inserted from scheduler
[2026-01-14 07:53:01] Mail sent for complaint #10309
[2026-01-14 07:53:01] Updated scheduler → timer=1 | next=2026-01-15 00:00:00
[2026-01-14 07:54:01] Complaint inserted from scheduler
[2026-01-14 07:54:01] Mail sent for complaint #10310
[2026-01-14 07:54:01] Updated scheduler → timer=1 | next=2026-01-15 00:00:00
[2026-01-14 07:55:01] Complaint inserted from scheduler
[2026-01-14 07:55:01] Mail sent for complaint #10311
[2026-01-14 07:55:01] Updated scheduler → timer=1 | next=2026-01-15 00:00:00
[2026-01-14 07:56:01] Complaint inserted from scheduler
[2026-01-14 07:56:01] Mail sent for complaint #10312
[2026-01-14 07:56:01] Updated scheduler → timer=1 | next=2026-01-15 00:00:00
[2026-01-14 07:57:01] Complaint inserted from scheduler
[2026-01-14 07:57:01] Mail sent for complaint #10313
[2026-01-14 07:57:01] Updated scheduler → timer=1 | next=2026-01-15 00:00:00
[2026-01-14 07:58:01] Complaint inserted from scheduler
[2026-01-14 07:58:01] Mail sent for complaint #10314
[2026-01-14 07:58:01] Updated scheduler → timer=1 | next=2026-01-15 00:00:00
[2026-01-14 07:59:01] Complaint inserted from scheduler
[2026-01-14 07:59:01] Mail sent for complaint #10315
[2026-01-14 07:59:01] Updated scheduler → timer=1 | next=2026-01-15 00:00:00
[2026-01-14 08:00:02] Complaint inserted from scheduler
[2026-01-14 08:00:02] Mail sent for complaint #10316
[2026-01-14 08:00:02] Updated scheduler → timer=1 | next=2026-01-15 00:00:00
[2026-01-14 08:01:01] Complaint inserted from scheduler
[2026-01-14 08:01:01] Mail sent for complaint #10317
[2026-01-14 08:01:01] Updated scheduler → timer=1 | next=2026-01-15 00:00:00
[2026-01-14 08:02:01] Complaint inserted from scheduler
[2026-01-14 08:02:01] Mail sent for complaint #10318
[2026-01-14 08:02:01] Updated scheduler → timer=1 | next=2026-01-15 00:00:00
[2026-01-14 08:03:01] Complaint inserted from scheduler
[2026-01-14 08:03:01] Mail sent for complaint #10319
[2026-01-14 08:03:01] Updated scheduler → timer=1 | next=2026-01-15 00:00:00
[2026-01-14 08:04:01] Complaint inserted from scheduler
[2026-01-14 08:04:01] Mail sent for complaint #10320
[2026-01-14 08:04:01] Updated scheduler → timer=1 | next=2026-01-15 00:00:00
[2026-01-14 08:05:01] Complaint inserted from scheduler
[2026-01-14 08:05:01] Mail sent for complaint #10321
[2026-01-14 08:05:01] Updated scheduler → timer=1 | next=2026-01-15 00:00:00
[2026-01-14 08:06:01] Complaint inserted from scheduler
[2026-01-14 08:06:01] Mail sent for complaint #10322
[2026-01-14 08:06:01] Updated scheduler → timer=1 | next=2026-01-15 00:00:00
[2026-01-14 08:07:01] Complaint inserted from scheduler
[2026-01-14 08:07:01] Mail sent for complaint #10323
[2026-01-14 08:07:01] Updated scheduler → timer=1 | next=2026-01-15 00:00:00
[2026-01-14 08:08:01] Complaint inserted from scheduler
[2026-01-14 08:08:01] Mail sent for complaint #10324
[2026-01-14 08:08:01] Updated scheduler → timer=1 | next=2026-01-15 00:00:00
[2026-01-14 08:09:01] Complaint inserted from scheduler
[2026-01-14 08:09:01] Mail sent for complaint #10325
[2026-01-14 08:09:01] Updated scheduler → timer=1 | next=2026-01-15 00:00:00
[2026-01-14 08:10:01] Complaint inserted from scheduler
[2026-01-14 08:10:01] Mail sent for complaint #10326
[2026-01-14 08:10:01] Updated scheduler → timer=1 | next=2026-01-15 00:00:00
[2026-01-14 08:11:01] Complaint inserted from scheduler
[2026-01-14 08:11:01] Mail sent for complaint #10327
[2026-01-14 08:11:01] Updated scheduler → timer=1 | next=2026-01-15 00:00:00
[2026-01-14 08:12:01] Complaint inserted from scheduler
[2026-01-14 08:12:01] Mail sent for complaint #10328
[2026-01-14 08:12:01] Updated scheduler → timer=1 | next=2026-01-15 00:00:00
[2026-01-14 08:13:01] Complaint inserted from scheduler
[2026-01-14 08:13:01] Mail sent for complaint #10329
[2026-01-14 08:13:01] Updated scheduler → timer=1 | next=2026-01-15 00:00:00
[2026-01-14 08:14:01] Complaint inserted from scheduler
[2026-01-14 08:14:01] Mail sent for complaint #10330
[2026-01-14 08:14:01] Updated scheduler → timer=1 | next=2026-01-15 00:00:00
[2026-01-14 08:15:01] Complaint inserted from scheduler
[2026-01-14 08:15:01] Mail sent for complaint #10331
[2026-01-14 08:15:01] Updated scheduler → timer=1 | next=2026-01-15 00:00:00
[2026-01-14 08:16:01] Complaint inserted from scheduler
[2026-01-14 08:16:01] Mail sent for complaint #10332
[2026-01-14 08:16:01] Updated scheduler → timer=1 | next=2026-01-15 00:00:00
[2026-01-14 08:17:01] Complaint inserted from scheduler
[2026-01-14 08:17:01] Mail sent for complaint #10333
[2026-01-14 08:17:01] Updated scheduler → timer=1 | next=2026-01-15 00:00:00
[2026-01-14 08:18:01] Complaint inserted from scheduler
[2026-01-14 08:18:01] Mail sent for complaint #10334
[2026-01-14 08:18:01] Updated scheduler → timer=1 | next=2026-01-15 00:00:00
[2026-01-14 08:19:01] Complaint inserted from scheduler
[2026-01-14 08:19:01] Mail sent for complaint #10335
[2026-01-14 08:19:01] Updated scheduler → timer=1 | next=2026-01-15 00:00:00
[2026-01-14 08:20:01] Complaint inserted from scheduler
[2026-01-14 08:20:01] Mail sent for complaint #10336
[2026-01-14 08:20:01] Updated scheduler → timer=1 | next=2026-01-15 00:00:00
[2026-01-14 08:21:02] Complaint inserted from scheduler
[2026-01-14 08:21:02] Mail sent for complaint #10337
[2026-01-14 08:21:02] Updated scheduler → timer=1 | next=2026-01-15 00:00:00
[2026-01-14 08:22:01] Complaint inserted from scheduler
[2026-01-14 08:22:01] Mail sent for complaint #10338
[2026-01-14 08:22:01] Updated scheduler → timer=1 | next=2026-01-15 00:00:00
[2026-01-14 08:23:01] Complaint inserted from scheduler
[2026-01-14 08:23:01] Mail sent for complaint #10339
[2026-01-14 08:23:01] Updated scheduler → timer=1 | next=2026-01-15 00:00:00
[2026-01-14 08:24:01] Complaint inserted from scheduler
[2026-01-14 08:24:01] Mail sent for complaint #10340
[2026-01-14 08:24:01] Updated scheduler → timer=1 | next=2026-01-15 00:00:00
[2026-01-14 08:25:01] Complaint inserted from scheduler
[2026-01-14 08:25:01] Mail sent for complaint #10341
[2026-01-14 08:25:01] Updated scheduler → timer=1 | next=2026-01-15 00:00:00
[2026-01-14 08:26:01] Complaint inserted from scheduler
[2026-01-14 08:26:01] Mail sent for complaint #10342
[2026-01-14 08:26:01] Updated scheduler → timer=1 | next=2026-01-15 00:00:00
[2026-01-14 08:27:01] Complaint inserted from scheduler
[2026-01-14 08:27:01] Mail sent for complaint #10343
[2026-01-14 08:27:01] Updated scheduler → timer=1 | next=2026-01-15 00:00:00
[2026-01-14 08:28:01] Complaint inserted from scheduler
[2026-01-14 08:28:01] Mail sent for complaint #10344
[2026-01-14 08:28:01] Updated scheduler → timer=1 | next=2026-01-15 00:00:00
[2026-01-14 08:29:01] Complaint inserted from scheduler
[2026-01-14 08:29:01] Mail sent for complaint #10345
[2026-01-14 08:29:01] Updated scheduler → timer=1 | next=2026-01-15 00:00:00
[2026-01-14 08:30:01] Complaint inserted from scheduler
[2026-01-14 08:30:01] Mail sent for complaint #10346
[2026-01-14 08:30:01] Updated scheduler → timer=1 | next=2026-01-15 00:00:00
[2026-01-14 08:31:01] Complaint inserted from scheduler
[2026-01-14 08:31:01] Mail sent for complaint #10347
[2026-01-14 08:31:01] Updated scheduler → timer=1 | next=2026-01-15 00:00:00
[2026-01-14 08:32:01] Complaint inserted from scheduler
[2026-01-14 08:32:01] Mail sent for complaint #10348
[2026-01-14 08:32:01] Updated scheduler → timer=1 | next=2026-01-15 00:00:00
[2026-01-14 08:33:01] Complaint inserted from scheduler
[2026-01-14 08:33:01] Mail sent for complaint #10349
[2026-01-14 08:33:01] Updated scheduler → timer=1 | next=2026-01-15 00:00:00
[2026-01-14 08:34:01] Complaint inserted from scheduler
[2026-01-14 08:34:01] Mail sent for complaint #10350
[2026-01-14 08:34:01] Updated scheduler → timer=1 | next=2026-01-15 00:00:00
[2026-01-14 08:35:01] Complaint inserted from scheduler
[2026-01-14 08:35:01] Mail sent for complaint #10351
[2026-01-14 08:35:01] Updated scheduler → timer=1 | next=2026-01-15 00:00:00
[2026-01-14 08:36:01] Complaint inserted from scheduler
[2026-01-14 08:36:01] Mail sent for complaint #10352
[2026-01-14 08:36:01] Updated scheduler → timer=1 | next=2026-01-15 00:00:00
[2026-01-14 08:37:01] Complaint inserted from scheduler
[2026-01-14 08:37:01] Mail sent for complaint #10353
[2026-01-14 08:37:01] Updated scheduler → timer=1 | next=2026-01-15 00:00:00
[2026-01-14 08:38:01] Complaint inserted from scheduler
[2026-01-14 08:38:01] Mail sent for complaint #10354
[2026-01-14 08:38:01] Updated scheduler → timer=1 | next=2026-01-15 00:00:00
[2026-01-14 08:39:01] Complaint inserted from scheduler
[2026-01-14 08:39:01] Mail sent for complaint #10355
[2026-01-14 08:39:01] Updated scheduler → timer=1 | next=2026-01-15 00:00:00
[2026-01-14 08:40:01] Complaint inserted from scheduler
[2026-01-14 08:40:01] Mail sent for complaint #10356
[2026-01-14 08:40:01] Updated scheduler → timer=1 | next=2026-01-15 00:00:00
[2026-01-14 08:41:01] Complaint inserted from scheduler
[2026-01-14 08:41:01] Mail sent for complaint #10357
[2026-01-14 08:41:01] Updated scheduler → timer=1 | next=2026-01-15 00:00:00
[2026-01-14 08:42:02] Complaint inserted from scheduler
[2026-01-14 08:42:02] Mail sent for complaint #10358
[2026-01-14 08:42:02] Updated scheduler → timer=1 | next=2026-01-15 00:00:00
[2026-01-14 08:43:01] Complaint inserted from scheduler
[2026-01-14 08:43:01] Mail sent for complaint #10359
[2026-01-14 08:43:01] Updated scheduler → timer=1 | next=2026-01-15 00:00:00
[2026-01-14 08:44:01] Complaint inserted from scheduler
[2026-01-14 08:44:01] Mail sent for complaint #10360
[2026-01-14 08:44:01] Updated scheduler → timer=1 | next=2026-01-15 00:00:00
[2026-01-14 08:45:01] Complaint inserted from scheduler
[2026-01-14 08:45:01] Mail sent for complaint #10361
[2026-01-14 08:45:01] Updated scheduler → timer=1 | next=2026-01-15 00:00:00
[2026-01-14 08:46:01] Complaint inserted from scheduler
[2026-01-14 08:46:01] Mail sent for complaint #10362
[2026-01-14 08:46:01] Updated scheduler → timer=1 | next=2026-01-15 00:00:00
[2026-01-14 08:47:01] Complaint inserted from scheduler
[2026-01-14 08:47:01] Mail sent for complaint #10363
[2026-01-14 08:47:01] Updated scheduler → timer=1 | next=2026-01-15 00:00:00
[2026-01-14 08:48:01] Complaint inserted from scheduler
[2026-01-14 08:48:01] Mail sent for complaint #10364
[2026-01-14 08:48:01] Updated scheduler → timer=1 | next=2026-01-15 00:00:00
[2026-01-14 08:49:01] Complaint inserted from scheduler
[2026-01-14 08:49:01] Mail sent for complaint #10365
[2026-01-14 08:49:01] Updated scheduler → timer=1 | next=2026-01-15 00:00:00
[2026-01-14 08:50:01] Complaint inserted from scheduler
[2026-01-14 08:50:01] Mail sent for complaint #10366
[2026-01-14 08:50:01] Updated scheduler → timer=1 | next=2026-01-15 00:00:00
[2026-01-14 08:51:01] Complaint inserted from scheduler
[2026-01-14 08:51:01] Mail sent for complaint #10367
[2026-01-14 08:51:01] Updated scheduler → timer=1 | next=2026-01-15 00:00:00
[2026-01-14 08:52:01] Complaint inserted from scheduler
[2026-01-14 08:52:01] Mail sent for complaint #10368
[2026-01-14 08:52:01] Updated scheduler → timer=1 | next=2026-01-15 00:00:00
[2026-01-14 08:53:01] Complaint inserted from scheduler
[2026-01-14 08:53:01] Mail sent for complaint #10369
[2026-01-14 08:53:01] Updated scheduler → timer=1 | next=2026-01-15 00:00:00
[2026-01-14 08:54:01] Complaint inserted from scheduler
[2026-01-14 08:54:01] Mail sent for complaint #10370
[2026-01-14 08:54:01] Updated scheduler → timer=1 | next=2026-01-15 00:00:00
[2026-01-14 08:55:01] Complaint inserted from scheduler
[2026-01-14 08:55:01] Mail sent for complaint #10371
[2026-01-14 08:55:01] Updated scheduler → timer=1 | next=2026-01-15 00:00:00
[2026-01-14 08:56:01] Complaint inserted from scheduler
[2026-01-14 08:56:01] Mail sent for complaint #10372
[2026-01-14 08:56:01] Updated scheduler → timer=1 | next=2026-01-15 00:00:00
[2026-01-14 08:57:01] Complaint inserted from scheduler
[2026-01-14 08:57:01] Mail sent for complaint #10373
[2026-01-14 08:57:01] Updated scheduler → timer=1 | next=2026-01-15 00:00:00
[2026-01-14 08:58:01] Complaint inserted from scheduler
[2026-01-14 08:58:01] Mail sent for complaint #10374
[2026-01-14 08:58:01] Updated scheduler → timer=1 | next=2026-01-15 00:00:00
[2026-01-14 08:59:01] Complaint inserted from scheduler
[2026-01-14 08:59:01] Mail sent for complaint #10375
[2026-01-14 08:59:01] Updated scheduler → timer=1 | next=2026-01-15 00:00:00
[2026-01-14 09:00:01] Complaint inserted from scheduler
[2026-01-14 09:00:01] Mail sent for complaint #10376
[2026-01-14 09:00:01] Updated scheduler → timer=1 | next=2026-01-15 00:00:00
[2026-01-14 09:01:01] Complaint inserted from scheduler
[2026-01-14 09:01:01] Mail sent for complaint #10377
[2026-01-14 09:01:01] Updated scheduler → timer=1 | next=2026-01-15 00:00:00
[2026-01-14 09:02:01] Complaint inserted from scheduler
[2026-01-14 09:02:01] Mail sent for complaint #10378
[2026-01-14 09:02:01] Updated scheduler → timer=1 | next=2026-01-15 00:00:00
[2026-01-14 09:03:01] Complaint inserted from scheduler
[2026-01-14 09:03:01] Mail sent for complaint #10379
[2026-01-14 09:03:01] Updated scheduler → timer=1 | next=2026-01-15 00:00:00
[2026-01-14 09:04:01] Complaint inserted from scheduler
[2026-01-14 09:04:01] Mail sent for complaint #10380
[2026-01-14 09:04:01] Updated scheduler → timer=1 | next=2026-01-15 00:00:00
[2026-01-14 09:05:01] Complaint inserted from scheduler
[2026-01-14 09:05:01] Mail sent for complaint #10381
[2026-01-14 09:05:01] Updated scheduler → timer=1 | next=2026-01-15 00:00:00
[2026-01-14 09:06:01] Complaint inserted from scheduler
[2026-01-14 09:06:01] Mail sent for complaint #10382
[2026-01-14 09:06:01] Updated scheduler → timer=1 | next=2026-01-15 00:00:00
[2026-01-14 09:07:01] Complaint inserted from scheduler
[2026-01-14 09:07:01] Mail sent for complaint #10383
[2026-01-14 09:07:01] Updated scheduler → timer=1 | next=2026-01-15 00:00:00
[2026-01-14 09:08:01] Complaint inserted from scheduler
[2026-01-14 09:08:01] Mail sent for complaint #10384
[2026-01-14 09:08:01] Updated scheduler → timer=1 | next=2026-01-15 00:00:00
[2026-01-14 09:09:01] Complaint inserted from scheduler
[2026-01-14 09:09:01] Mail sent for complaint #10385
[2026-01-14 09:09:01] Updated scheduler → timer=1 | next=2026-01-15 00:00:00
[2026-01-14 09:10:01] Complaint inserted from scheduler
[2026-01-14 09:10:01] Mail sent for complaint #10386
[2026-01-14 09:10:01] Updated scheduler → timer=1 | next=2026-01-15 00:00:00
[2026-01-14 09:11:01] Complaint inserted from scheduler
[2026-01-14 09:11:01] Mail sent for complaint #10387
[2026-01-14 09:11:01] Updated scheduler → timer=1 | next=2026-01-15 00:00:00
[2026-01-14 09:12:01] Complaint inserted from scheduler
[2026-01-14 09:12:01] Mail sent for complaint #10388
[2026-01-14 09:12:01] Updated scheduler → timer=1 | next=2026-01-15 00:00:00
[2026-01-14 09:13:01] Complaint inserted from scheduler
[2026-01-14 09:13:16] Mail sent for complaint #10389
[2026-01-14 09:13:16] Updated scheduler → timer=1 | next=2026-01-15 00:00:00
[2026-01-14 09:14:01] Complaint inserted from scheduler
[2026-01-14 09:14:01] Mail sent for complaint #10390
[2026-01-14 09:14:01] Updated scheduler → timer=1 | next=2026-01-15 00:00:00
[2026-01-14 09:15:01] Complaint inserted from scheduler
[2026-01-14 09:15:01] Mail sent for complaint #10391
[2026-01-14 09:15:01] Updated scheduler → timer=1 | next=2026-01-15 00:00:00
[2026-01-14 09:16:01] Complaint inserted from scheduler
[2026-01-14 09:16:01] Mail sent for complaint #10392
[2026-01-14 09:16:01] Updated scheduler → timer=1 | next=2026-01-15 00:00:00
[2026-01-14 09:17:01] Complaint inserted from scheduler
[2026-01-14 09:17:01] Mail sent for complaint #10393
[2026-01-14 09:17:01] Updated scheduler → timer=1 | next=2026-01-15 00:00:00
[2026-01-14 09:18:01] Complaint inserted from scheduler
[2026-01-14 09:18:01] Mail sent for complaint #10394
[2026-01-14 09:18:01] Updated scheduler → timer=1 | next=2026-01-15 00:00:00
[2026-01-14 09:19:01] Complaint inserted from scheduler
[2026-01-14 09:19:01] Mail sent for complaint #10395
[2026-01-14 09:19:01] Updated scheduler → timer=1 | next=2026-01-15 00:00:00
[2026-01-14 09:20:01] Complaint inserted from scheduler
[2026-01-14 09:20:01] Mail sent for complaint #10396
[2026-01-14 09:20:01] Updated scheduler → timer=1 | next=2026-01-15 00:00:00
[2026-01-14 09:21:01] Complaint inserted from scheduler
[2026-01-14 09:21:01] Mail sent for complaint #10397
[2026-01-14 09:21:01] Updated scheduler → timer=1 | next=2026-01-15 00:00:00
[2026-01-14 09:22:01] Complaint inserted from scheduler
[2026-01-14 09:22:01] Mail sent for complaint #10398
[2026-01-14 09:22:01] Updated scheduler → timer=1 | next=2026-01-15 00:00:00
[2026-01-14 09:23:01] Complaint inserted from scheduler
[2026-01-14 09:23:02] Mail sent for complaint #10399
[2026-01-14 09:23:02] Updated scheduler → timer=1 | next=2026-01-15 00:00:00
[2026-01-14 09:24:01] Complaint inserted from scheduler
[2026-01-14 09:24:01] Mail sent for complaint #10400
[2026-01-14 09:24:01] Updated scheduler → timer=1 | next=2026-01-15 00:00:00
[2026-01-14 09:25:01] Complaint inserted from scheduler
[2026-01-14 09:25:01] Mail sent for complaint #10401
[2026-01-14 09:25:01] Updated scheduler → timer=1 | next=2026-01-15 00:00:00
[2026-01-14 09:26:01] Complaint inserted from scheduler
[2026-01-14 09:26:01] Mail sent for complaint #10402
[2026-01-14 09:26:01] Updated scheduler → timer=1 | next=2026-01-15 00:00:00
[2026-01-14 09:27:01] Complaint inserted from scheduler
[2026-01-14 09:27:01] Mail sent for complaint #10403
[2026-01-14 09:27:01] Updated scheduler → timer=1 | next=2026-01-15 00:00:00
[2026-01-14 09:28:01] Complaint inserted from scheduler
[2026-01-14 09:28:01] Mail sent for complaint #10404
[2026-01-14 09:28:01] Updated scheduler → timer=1 | next=2026-01-15 00:00:00
[2026-01-14 09:29:01] Complaint inserted from scheduler
[2026-01-14 09:29:01] Mail sent for complaint #10405
[2026-01-14 09:29:01] Updated scheduler → timer=1 | next=2026-01-15 00:00:00
[2026-01-14 09:30:01] Complaint inserted from scheduler
[2026-01-14 09:30:01] Mail sent for complaint #10406
[2026-01-14 09:30:01] Updated scheduler → timer=1 | next=2026-01-15 00:00:00
[2026-01-14 09:31:01] Complaint inserted from scheduler
[2026-01-14 09:31:01] Mail sent for complaint #10407
[2026-01-14 09:31:01] Updated scheduler → timer=1 | next=2026-01-15 00:00:00
[2026-01-14 09:32:01] Complaint inserted from scheduler
[2026-01-14 09:32:01] Mail sent for complaint #10408
[2026-01-14 09:32:01] Updated scheduler → timer=1 | next=2026-01-15 00:00:00
[2026-01-14 09:33:01] Complaint inserted from scheduler
[2026-01-14 09:33:01] Mail sent for complaint #10409
[2026-01-14 09:33:01] Updated scheduler → timer=1 | next=2026-01-15 00:00:00
[2026-01-14 09:34:01] Complaint inserted from scheduler
[2026-01-14 09:34:01] Mail sent for complaint #10410
[2026-01-14 09:34:01] Updated scheduler → timer=1 | next=2026-01-15 00:00:00
[2026-01-14 09:35:01] Complaint inserted from scheduler
[2026-01-14 09:35:01] Mail sent for complaint #10411
[2026-01-14 09:35:01] Updated scheduler → timer=1 | next=2026-01-15 00:00:00
[2026-01-14 09:36:01] Complaint inserted from scheduler
[2026-01-14 09:36:01] Mail sent for complaint #10412
[2026-01-14 09:36:01] Updated scheduler → timer=1 | next=2026-01-15 00:00:00
[2026-01-14 09:37:01] Complaint inserted from scheduler
[2026-01-14 09:37:01] Mail sent for complaint #10413
[2026-01-14 09:37:01] Updated scheduler → timer=1 | next=2026-01-15 00:00:00
[2026-01-14 09:38:01] Complaint inserted from scheduler
[2026-01-14 09:38:01] Mail sent for complaint #10414
[2026-01-14 09:38:01] Updated scheduler → timer=1 | next=2026-01-15 00:00:00
[2026-01-14 09:39:01] Complaint inserted from scheduler
[2026-01-14 09:39:01] Mail sent for complaint #10415
[2026-01-14 09:39:01] Updated scheduler → timer=1 | next=2026-01-15 00:00:00
[2026-01-14 09:40:01] Complaint inserted from scheduler
[2026-01-14 09:40:01] Mail sent for complaint #10416
[2026-01-14 09:40:01] Updated scheduler → timer=1 | next=2026-01-15 00:00:00
[2026-01-14 09:41:01] Complaint inserted from scheduler
[2026-01-14 09:41:01] Mail sent for complaint #10417
[2026-01-14 09:41:01] Updated scheduler → timer=1 | next=2026-01-15 00:00:00
[2026-01-14 09:42:01] Complaint inserted from scheduler
[2026-01-14 09:42:01] Mail sent for complaint #10418
[2026-01-14 09:42:01] Updated scheduler → timer=1 | next=2026-01-15 00:00:00
[2026-01-14 09:43:01] Complaint inserted from scheduler
[2026-01-14 09:43:01] Mail sent for complaint #10419
[2026-01-14 09:43:01] Updated scheduler → timer=1 | next=2026-01-15 00:00:00
[2026-01-14 09:44:02] Complaint inserted from scheduler
[2026-01-14 09:44:12] Mail sent for complaint #10420
[2026-01-14 09:44:12] Updated scheduler → timer=1 | next=2026-01-15 00:00:00
[2026-01-14 09:45:01] Complaint inserted from scheduler
[2026-01-14 09:45:11] Mail sent for complaint #10421
[2026-01-14 09:45:11] Updated scheduler → timer=1 | next=2026-01-15 00:00:00
[2026-01-14 09:46:01] Complaint inserted from scheduler
[2026-01-14 09:46:01] Mail sent for complaint #10422
[2026-01-14 09:46:01] Updated scheduler → timer=1 | next=2026-01-15 00:00:00
[2026-01-14 09:47:01] Complaint inserted from scheduler
[2026-01-14 09:47:01] Mail sent for complaint #10423
[2026-01-14 09:47:01] Updated scheduler → timer=1 | next=2026-01-15 00:00:00
[2026-01-14 09:48:01] Complaint inserted from scheduler
[2026-01-14 09:48:01] Mail sent for complaint #10424
[2026-01-14 09:48:01] Updated scheduler → timer=1 | next=2026-01-15 00:00:00
[2026-01-14 09:49:01] Complaint inserted from scheduler
[2026-01-14 09:49:01] Mail sent for complaint #10425
[2026-01-14 09:49:01] Updated scheduler → timer=1 | next=2026-01-15 00:00:00
[2026-01-14 09:50:01] Complaint inserted from scheduler
[2026-01-14 09:50:01] Mail sent for complaint #10426
[2026-01-14 09:50:01] Updated scheduler → timer=1 | next=2026-01-15 00:00:00
[2026-01-14 09:51:01] Complaint inserted from scheduler
[2026-01-14 09:51:01] Mail sent for complaint #10427
[2026-01-14 09:51:01] Updated scheduler → timer=1 | next=2026-01-15 00:00:00
[2026-01-14 09:52:01] Complaint inserted from scheduler
[2026-01-14 09:52:01] Mail sent for complaint #10428
[2026-01-14 09:52:01] Updated scheduler → timer=1 | next=2026-01-15 00:00:00
[2026-01-14 09:53:01] Complaint inserted from scheduler
[2026-01-14 09:53:01] Mail sent for complaint #10429
[2026-01-14 09:53:01] Updated scheduler → timer=1 | next=2026-01-15 00:00:00
[2026-01-14 09:54:01] Complaint inserted from scheduler
[2026-01-14 09:54:01] Mail sent for complaint #10430
[2026-01-14 09:54:01] Updated scheduler → timer=1 | next=2026-01-15 00:00:00
[2026-01-14 09:55:01] Complaint inserted from scheduler
[2026-01-14 09:55:01] Mail sent for complaint #10431
[2026-01-14 09:55:01] Updated scheduler → timer=1 | next=2026-01-15 00:00:00
[2026-01-14 09:56:01] Complaint inserted from scheduler
[2026-01-14 09:56:01] Mail sent for complaint #10432
[2026-01-14 09:56:01] Updated scheduler → timer=1 | next=2026-01-15 00:00:00
[2026-01-14 09:57:01] Complaint inserted from scheduler
[2026-01-14 09:57:01] Mail sent for complaint #10433
[2026-01-14 09:57:01] Updated scheduler → timer=1 | next=2026-01-15 00:00:00
[2026-01-14 09:58:01] Complaint inserted from scheduler
[2026-01-14 09:58:01] Mail sent for complaint #10434
[2026-01-14 09:58:01] Updated scheduler → timer=1 | next=2026-01-15 00:00:00
[2026-01-14 09:59:01] Complaint inserted from scheduler
[2026-01-14 09:59:01] Mail sent for complaint #10435
[2026-01-14 09:59:01] Updated scheduler → timer=1 | next=2026-01-15 00:00:00
[2026-01-14 10:00:01] Complaint inserted from scheduler
[2026-01-14 10:00:01] Mail sent for complaint #10436
[2026-01-14 10:00:01] Updated scheduler → timer=1 | next=2026-01-15 00:00:00
[2026-01-14 10:01:01] Complaint inserted from scheduler
[2026-01-14 10:01:01] Mail sent for complaint #10437
[2026-01-14 10:01:01] Updated scheduler → timer=1 | next=2026-01-15 00:00:00
[2026-01-14 10:02:01] Complaint inserted from scheduler
[2026-01-14 10:02:01] Mail sent for complaint #10438
[2026-01-14 10:02:01] Updated scheduler → timer=1 | next=2026-01-15 00:00:00
[2026-01-14 10:03:02] Complaint inserted from scheduler
[2026-01-14 10:03:02] Mail sent for complaint #10439
[2026-01-14 10:03:02] Updated scheduler → timer=1 | next=2026-01-15 00:00:00
[2026-01-14 10:04:01] Complaint inserted from scheduler
[2026-01-14 10:04:01] Mail sent for complaint #10440
[2026-01-14 10:04:01] Updated scheduler → timer=1 | next=2026-01-15 00:00:00
[2026-01-14 10:05:01] Complaint inserted from scheduler
[2026-01-14 10:05:01] Mail sent for complaint #10441
[2026-01-14 10:05:01] Updated scheduler → timer=1 | next=2026-01-15 00:00:00
[2026-01-14 10:06:01] Complaint inserted from scheduler
[2026-01-14 10:06:01] Mail sent for complaint #10442
[2026-01-14 10:06:01] Updated scheduler → timer=1 | next=2026-01-15 00:00:00
[2026-01-14 10:07:01] Complaint inserted from scheduler
[2026-01-14 10:07:01] Mail sent for complaint #10443
[2026-01-14 10:07:01] Updated scheduler → timer=1 | next=2026-01-15 00:00:00
[2026-01-14 10:08:01] Complaint inserted from scheduler
[2026-01-14 10:08:01] Mail sent for complaint #10444
[2026-01-14 10:08:01] Updated scheduler → timer=1 | next=2026-01-15 00:00:00
[2026-01-14 10:09:01] Complaint inserted from scheduler
[2026-01-14 10:09:01] Mail sent for complaint #10445
[2026-01-14 10:09:01] Updated scheduler → timer=1 | next=2026-01-15 00:00:00
[2026-01-14 10:10:01] Complaint inserted from scheduler
[2026-01-14 10:10:01] Mail sent for complaint #10446
[2026-01-14 10:10:01] Updated scheduler → timer=1 | next=2026-01-15 00:00:00
[2026-01-14 10:11:01] Complaint inserted from scheduler
[2026-01-14 10:11:01] Mail sent for complaint #10447
[2026-01-14 10:11:01] Updated scheduler → timer=1 | next=2026-01-15 00:00:00
[2026-01-14 10:12:01] Complaint inserted from scheduler
[2026-01-14 10:12:01] Mail sent for complaint #10448
[2026-01-14 10:12:01] Updated scheduler → timer=1 | next=2026-01-15 00:00:00
[2026-01-14 10:13:01] Complaint inserted from scheduler
[2026-01-14 10:13:01] Mail sent for complaint #10449
[2026-01-14 10:13:01] Updated scheduler → timer=1 | next=2026-01-15 00:00:00
[2026-01-14 10:14:01] Complaint inserted from scheduler
[2026-01-14 10:14:01] Mail sent for complaint #10450
[2026-01-14 10:14:01] Updated scheduler → timer=1 | next=2026-01-15 00:00:00
[2026-01-14 10:15:01] Complaint inserted from scheduler
[2026-01-14 10:15:01] Mail sent for complaint #10451
[2026-01-14 10:15:01] Updated scheduler → timer=1 | next=2026-01-15 00:00:00
[2026-01-14 10:16:01] Complaint inserted from scheduler
[2026-01-14 10:16:01] Mail sent for complaint #10452
[2026-01-14 10:16:01] Updated scheduler → timer=1 | next=2026-01-15 00:00:00
[2026-01-14 10:17:01] Complaint inserted from scheduler
[2026-01-14 10:17:01] Mail sent for complaint #10453
[2026-01-14 10:17:01] Updated scheduler → timer=1 | next=2026-01-15 00:00:00
[2026-01-14 10:18:01] Complaint inserted from scheduler
[2026-01-14 10:18:11] Mail sent for complaint #10454
[2026-01-14 10:18:11] Updated scheduler → timer=1 | next=2026-01-15 00:00:00
[2026-01-14 10:19:01] Complaint inserted from scheduler
[2026-01-14 10:19:01] Mail sent for complaint #10455
[2026-01-14 10:19:01] Updated scheduler → timer=1 | next=2026-01-15 00:00:00
[2026-01-14 10:20:01] Complaint inserted from scheduler
[2026-01-14 10:20:01] Mail sent for complaint #10456
[2026-01-14 10:20:01] Updated scheduler → timer=1 | next=2026-01-15 00:00:00
[2026-01-14 10:21:01] Complaint inserted from scheduler
[2026-01-14 10:21:01] Mail sent for complaint #10457
[2026-01-14 10:21:01] Updated scheduler → timer=1 | next=2026-01-15 00:00:00
[2026-01-14 10:22:01] Complaint inserted from scheduler
[2026-01-14 10:22:02] Mail sent for complaint #10458
[2026-01-14 10:22:02] Updated scheduler → timer=1 | next=2026-01-15 00:00:00
[2026-01-14 10:23:01] Complaint inserted from scheduler
[2026-01-14 10:23:01] Mail sent for complaint #10459
[2026-01-14 10:23:01] Updated scheduler → timer=1 | next=2026-01-15 00:00:00
[2026-01-14 10:24:01] Complaint inserted from scheduler
[2026-01-14 10:24:01] Mail sent for complaint #10460
[2026-01-14 10:24:01] Updated scheduler → timer=1 | next=2026-01-15 00:00:00
[2026-01-14 10:25:01] Complaint inserted from scheduler
[2026-01-14 10:25:01] Mail sent for complaint #10461
[2026-01-14 10:25:01] Updated scheduler → timer=1 | next=2026-01-15 00:00:00
[2026-01-14 10:26:01] Complaint inserted from scheduler
[2026-01-14 10:26:01] Mail sent for complaint #10462
[2026-01-14 10:26:01] Updated scheduler → timer=1 | next=2026-01-15 00:00:00
[2026-01-14 10:27:01] Complaint inserted from scheduler
[2026-01-14 10:27:01] Mail sent for complaint #10463
[2026-01-14 10:27:01] Updated scheduler → timer=1 | next=2026-01-15 00:00:00
[2026-01-14 10:28:01] Complaint inserted from scheduler
[2026-01-14 10:28:01] Mail sent for complaint #10464
[2026-01-14 10:28:01] Updated scheduler → timer=1 | next=2026-01-15 00:00:00
[2026-01-14 10:29:01] Complaint inserted from scheduler
[2026-01-14 10:29:01] Mail sent for complaint #10465
[2026-01-14 10:29:01] Updated scheduler → timer=1 | next=2026-01-15 00:00:00
[2026-01-14 10:30:01] Complaint inserted from scheduler
[2026-01-14 10:30:01] Mail sent for complaint #10466
[2026-01-14 10:30:01] Updated scheduler → timer=1 | next=2026-01-15 00:00:00
[2026-01-14 10:31:01] Complaint inserted from scheduler
[2026-01-14 10:31:01] Mail sent for complaint #10467
[2026-01-14 10:31:01] Updated scheduler → timer=1 | next=2026-01-15 00:00:00
[2026-01-14 10:32:01] Complaint inserted from scheduler
[2026-01-14 10:32:02] Mail sent for complaint #10468
[2026-01-14 10:32:02] Updated scheduler → timer=1 | next=2026-01-15 00:00:00
[2026-01-14 10:33:01] Complaint inserted from scheduler
[2026-01-14 10:33:01] Mail sent for complaint #10469
[2026-01-14 10:33:01] Updated scheduler → timer=1 | next=2026-01-15 00:00:00
[2026-01-14 10:34:01] Complaint inserted from scheduler
[2026-01-14 10:34:01] Mail sent for complaint #10470
[2026-01-14 10:34:01] Updated scheduler → timer=1 | next=2026-01-15 00:00:00
[2026-01-14 10:35:01] Complaint inserted from scheduler
[2026-01-14 10:35:01] Mail sent for complaint #10471
[2026-01-14 10:35:01] Updated scheduler → timer=1 | next=2026-01-15 00:00:00
[2026-01-14 10:36:01] Complaint inserted from scheduler
[2026-01-14 10:36:01] Mail sent for complaint #10472
[2026-01-14 10:36:01] Updated scheduler → timer=1 | next=2026-01-15 00:00:00
[2026-01-14 10:37:01] Complaint inserted from scheduler
[2026-01-14 10:37:01] Mail sent for complaint #10473
[2026-01-14 10:37:01] Updated scheduler → timer=1 | next=2026-01-15 00:00:00
[2026-01-14 10:38:01] Complaint inserted from scheduler
[2026-01-14 10:38:01] Mail sent for complaint #10474
[2026-01-14 10:38:01] Updated scheduler → timer=1 | next=2026-01-15 00:00:00
[2026-01-14 10:39:01] Complaint inserted from scheduler
[2026-01-14 10:39:01] Mail sent for complaint #10475
[2026-01-14 10:39:01] Updated scheduler → timer=1 | next=2026-01-15 00:00:00
[2026-01-14 10:40:01] Complaint inserted from scheduler
[2026-01-14 10:40:01] Mail sent for complaint #10476
[2026-01-14 10:40:01] Updated scheduler → timer=1 | next=2026-01-15 00:00:00
[2026-01-14 10:41:01] Complaint inserted from scheduler
[2026-01-14 10:41:01] Mail sent for complaint #10477
[2026-01-14 10:41:01] Updated scheduler → timer=1 | next=2026-01-15 00:00:00
[2026-01-14 10:42:01] Complaint inserted from scheduler
[2026-01-14 10:42:01] Mail sent for complaint #10478
[2026-01-14 10:42:01] Updated scheduler → timer=1 | next=2026-01-15 00:00:00
[2026-01-14 10:43:01] Complaint inserted from scheduler
[2026-01-14 10:43:01] Mail sent for complaint #10479
[2026-01-14 10:43:01] Updated scheduler → timer=1 | next=2026-01-15 00:00:00
[2026-01-14 10:44:01] Complaint inserted from scheduler
[2026-01-14 10:44:01] Mail sent for complaint #10480
[2026-01-14 10:44:01] Updated scheduler → timer=1 | next=2026-01-15 00:00:00
[2026-01-14 10:45:01] Complaint inserted from scheduler
[2026-01-14 10:45:01] Mail sent for complaint #10481
[2026-01-14 10:45:01] Updated scheduler → timer=1 | next=2026-01-15 00:00:00
[2026-01-14 10:46:01] Complaint inserted from scheduler
[2026-01-14 10:46:01] Mail sent for complaint #10482
[2026-01-14 10:46:01] Updated scheduler → timer=1 | next=2026-01-15 00:00:00
[2026-01-14 10:47:01] Complaint inserted from scheduler
[2026-01-14 10:47:01] Mail sent for complaint #10483
[2026-01-14 10:47:01] Updated scheduler → timer=1 | next=2026-01-15 00:00:00
[2026-01-14 10:48:02] Complaint inserted from scheduler
[2026-01-14 10:48:02] Mail sent for complaint #10484
[2026-01-14 10:48:02] Updated scheduler → timer=1 | next=2026-01-15 00:00:00
[2026-01-14 10:49:01] Complaint inserted from scheduler
[2026-01-14 10:49:01] Mail sent for complaint #10485
[2026-01-14 10:49:01] Updated scheduler → timer=1 | next=2026-01-15 00:00:00
[2026-01-14 10:50:01] Complaint inserted from scheduler
[2026-01-14 10:50:01] Mail sent for complaint #10486
[2026-01-14 10:50:01] Updated scheduler → timer=1 | next=2026-01-15 00:00:00
[2026-01-14 10:51:01] Complaint inserted from scheduler
[2026-01-14 10:51:01] Mail sent for complaint #10487
[2026-01-14 10:51:01] Updated scheduler → timer=1 | next=2026-01-15 00:00:00
[2026-01-14 10:52:01] Complaint inserted from scheduler
[2026-01-14 10:52:01] Mail sent for complaint #10488
[2026-01-14 10:52:01] Updated scheduler → timer=1 | next=2026-01-15 00:00:00
[2026-01-14 10:53:01] Complaint inserted from scheduler
[2026-01-14 10:53:01] Mail sent for complaint #10489
[2026-01-14 10:53:01] Updated scheduler → timer=1 | next=2026-01-15 00:00:00
[2026-01-14 10:54:01] Complaint inserted from scheduler
[2026-01-14 10:54:01] Mail sent for complaint #10490
[2026-01-14 10:54:01] Updated scheduler → timer=1 | next=2026-01-15 00:00:00
[2026-01-14 10:55:01] Complaint inserted from scheduler
[2026-01-14 10:55:01] Mail sent for complaint #10491
[2026-01-14 10:55:01] Updated scheduler → timer=1 | next=2026-01-15 00:00:00
[2026-01-14 10:56:01] Complaint inserted from scheduler
[2026-01-14 10:56:01] Mail sent for complaint #10492
[2026-01-14 10:56:01] Updated scheduler → timer=1 | next=2026-01-15 00:00:00
[2026-01-14 10:57:01] Complaint inserted from scheduler
[2026-01-14 10:57:01] Mail sent for complaint #10493
[2026-01-14 10:57:01] Updated scheduler → timer=1 | next=2026-01-15 00:00:00
[2026-01-14 10:58:01] Complaint inserted from scheduler
[2026-01-14 10:58:01] Mail sent for complaint #10494
[2026-01-14 10:58:01] Updated scheduler → timer=1 | next=2026-01-15 00:00:00
[2026-01-14 10:59:01] Complaint inserted from scheduler
[2026-01-14 10:59:01] Mail sent for complaint #10495
[2026-01-14 10:59:01] Updated scheduler → timer=1 | next=2026-01-15 00:00:00
[2026-01-14 11:00:01] Complaint inserted from scheduler
[2026-01-14 11:00:01] Mail sent for complaint #10496
[2026-01-14 11:00:01] Updated scheduler → timer=1 | next=2026-01-15 00:00:00
[2026-01-14 11:01:01] Complaint inserted from scheduler
[2026-01-14 11:01:01] Mail sent for complaint #10497
[2026-01-14 11:01:01] Updated scheduler → timer=1 | next=2026-01-15 00:00:00
[2026-01-14 11:02:01] Complaint inserted from scheduler
[2026-01-14 11:02:01] Mail sent for complaint #10498
[2026-01-14 11:02:01] Updated scheduler → timer=1 | next=2026-01-15 00:00:00
[2026-01-14 11:03:01] Complaint inserted from scheduler
[2026-01-14 11:03:01] Mail sent for complaint #10499
[2026-01-14 11:03:01] Updated scheduler → timer=1 | next=2026-01-15 00:00:00
[2026-01-14 11:04:01] Complaint inserted from scheduler
[2026-01-14 11:04:01] Mail sent for complaint #10500
[2026-01-14 11:04:01] Updated scheduler → timer=1 | next=2026-01-15 00:00:00
[2026-01-14 11:05:01] Complaint inserted from scheduler
[2026-01-14 11:05:01] Mail sent for complaint #10501
[2026-01-14 11:05:01] Updated scheduler → timer=1 | next=2026-01-15 00:00:00
[2026-01-14 11:06:01] Complaint inserted from scheduler
[2026-01-14 11:06:01] Mail sent for complaint #10502
[2026-01-14 11:06:01] Updated scheduler → timer=1 | next=2026-01-15 00:00:00
[2026-01-14 11:07:01] Complaint inserted from scheduler
[2026-01-14 11:07:01] Mail sent for complaint #10503
[2026-01-14 11:07:01] Updated scheduler → timer=1 | next=2026-01-15 00:00:00
[2026-01-14 11:08:01] Complaint inserted from scheduler
[2026-01-14 11:08:10] Mail sent for complaint #10504
[2026-01-14 11:08:10] Updated scheduler → timer=1 | next=2026-01-15 00:00:00
[2026-01-14 11:09:01] Complaint inserted from scheduler
[2026-01-14 11:09:02] Mail sent for complaint #10505
[2026-01-14 11:09:02] Updated scheduler → timer=1 | next=2026-01-15 00:00:00
[2026-01-14 11:10:01] Complaint inserted from scheduler
[2026-01-14 11:10:01] Mail sent for complaint #10506
[2026-01-14 11:10:01] Updated scheduler → timer=1 | next=2026-01-15 00:00:00
[2026-01-14 11:11:01] Complaint inserted from scheduler
[2026-01-14 11:11:01] Mail sent for complaint #10507
[2026-01-14 11:11:01] Updated scheduler → timer=1 | next=2026-01-15 00:00:00
[2026-01-14 11:12:01] Complaint inserted from scheduler
[2026-01-14 11:12:01] Mail sent for complaint #10508
[2026-01-14 11:12:01] Updated scheduler → timer=1 | next=2026-01-15 00:00:00
[2026-01-14 11:13:01] Complaint inserted from scheduler
[2026-01-14 11:13:01] Mail sent for complaint #10509
[2026-01-14 11:13:01] Updated scheduler → timer=1 | next=2026-01-15 00:00:00
[2026-01-14 11:14:01] Complaint inserted from scheduler
[2026-01-14 11:14:01] Mail sent for complaint #10510
[2026-01-14 11:14:01] Updated scheduler → timer=1 | next=2026-01-15 00:00:00
[2026-01-14 11:15:01] Complaint inserted from scheduler
[2026-01-14 11:15:01] Mail sent for complaint #10511
[2026-01-14 11:15:01] Updated scheduler → timer=1 | next=2026-01-15 00:00:00
[2026-01-14 11:16:01] Complaint inserted from scheduler
[2026-01-14 11:16:01] Mail sent for complaint #10512
[2026-01-14 11:16:01] Updated scheduler → timer=1 | next=2026-01-15 00:00:00
[2026-01-14 11:17:01] Complaint inserted from scheduler
[2026-01-14 11:17:01] Mail sent for complaint #10513
[2026-01-14 11:17:01] Updated scheduler → timer=1 | next=2026-01-15 00:00:00
[2026-01-14 11:18:01] Complaint inserted from scheduler
[2026-01-14 11:18:01] Mail sent for complaint #10514
[2026-01-14 11:18:01] Updated scheduler → timer=1 | next=2026-01-15 00:00:00
[2026-01-14 11:19:01] Complaint inserted from scheduler
[2026-01-14 11:19:01] Mail sent for complaint #10515
[2026-01-14 11:19:01] Updated scheduler → timer=1 | next=2026-01-15 00:00:00
[2026-01-14 11:20:01] Complaint inserted from scheduler
[2026-01-14 11:20:01] Mail sent for complaint #10516
[2026-01-14 11:20:01] Updated scheduler → timer=1 | next=2026-01-15 00:00:00
[2026-01-14 11:21:01] Complaint inserted from scheduler
[2026-01-14 11:21:01] Mail sent for complaint #10517
[2026-01-14 11:21:01] Updated scheduler → timer=1 | next=2026-01-15 00:00:00
[2026-01-14 11:22:01] Complaint inserted from scheduler
[2026-01-14 11:22:01] Mail sent for complaint #10518
[2026-01-14 11:22:01] Updated scheduler → timer=1 | next=2026-01-15 00:00:00
[2026-01-14 11:23:01] Complaint inserted from scheduler
[2026-01-14 11:23:01] Mail sent for complaint #10519
[2026-01-14 11:23:01] Updated scheduler → timer=1 | next=2026-01-15 00:00:00
[2026-01-14 11:24:01] Complaint inserted from scheduler
[2026-01-14 11:24:01] Mail sent for complaint #10520
[2026-01-14 11:24:01] Updated scheduler → timer=1 | next=2026-01-15 00:00:00
[2026-01-14 11:25:01] Complaint inserted from scheduler
[2026-01-14 11:25:01] Mail sent for complaint #10521
[2026-01-14 11:25:01] Updated scheduler → timer=1 | next=2026-01-15 00:00:00
[2026-01-14 11:26:01] Complaint inserted from scheduler
[2026-01-14 11:26:01] Mail sent for complaint #10522
[2026-01-14 11:26:01] Updated scheduler → timer=1 | next=2026-01-15 00:00:00
[2026-01-14 11:27:01] Complaint inserted from scheduler
[2026-01-14 11:27:01] Mail sent for complaint #10523
[2026-01-14 11:27:01] Updated scheduler → timer=1 | next=2026-01-15 00:00:00
[2026-01-14 11:28:01] Complaint inserted from scheduler
[2026-01-14 11:28:01] Mail sent for complaint #10524
[2026-01-14 11:28:01] Updated scheduler → timer=1 | next=2026-01-15 00:00:00
[2026-01-14 11:29:01] Complaint inserted from scheduler
[2026-01-14 11:29:01] Mail sent for complaint #10525
[2026-01-14 11:29:01] Updated scheduler → timer=1 | next=2026-01-15 00:00:00
[2026-01-14 11:30:01] Complaint inserted from scheduler
[2026-01-14 11:30:01] Mail sent for complaint #10526
[2026-01-14 11:30:01] Updated scheduler → timer=1 | next=2026-01-15 00:00:00
[2026-01-14 11:31:01] Complaint inserted from scheduler
[2026-01-14 11:31:01] Mail sent for complaint #10527
[2026-01-14 11:31:01] Updated scheduler → timer=1 | next=2026-01-15 00:00:00
[2026-01-14 11:32:02] Complaint inserted from scheduler
[2026-01-14 11:32:12] Mail sent for complaint #10528
[2026-01-14 11:32:12] Updated scheduler → timer=1 | next=2026-01-15 00:00:00
[2026-01-14 11:33:01] Complaint inserted from scheduler
[2026-01-14 11:33:01] Mail sent for complaint #10529
[2026-01-14 11:33:01] Updated scheduler → timer=1 | next=2026-01-15 00:00:00
[2026-01-14 11:34:01] Complaint inserted from scheduler
[2026-01-14 11:34:01] Mail sent for complaint #10530
[2026-01-14 11:34:01] Updated scheduler → timer=1 | next=2026-01-15 00:00:00
[2026-01-14 11:35:01] Complaint inserted from scheduler
[2026-01-14 11:35:01] Mail sent for complaint #10531
[2026-01-14 11:35:01] Updated scheduler → timer=1 | next=2026-01-15 00:00:00
[2026-01-14 11:36:01] Complaint inserted from scheduler
[2026-01-14 11:36:01] Mail sent for complaint #10532
[2026-01-14 11:36:01] Updated scheduler → timer=1 | next=2026-01-15 00:00:00
[2026-01-14 11:39:01] No scheduler jobs found
[2026-01-14 11:40:01] No scheduler jobs found
[2026-01-14 11:41:01] No scheduler jobs found
[2026-01-14 11:42:01] No scheduler jobs found
[2026-01-14 11:43:01] No scheduler jobs found
[2026-01-14 11:44:01] No scheduler jobs found
[2026-01-14 11:45:01] No scheduler jobs found
[2026-01-14 11:46:01] No scheduler jobs found
[2026-01-14 11:47:01] No scheduler jobs found
[2026-01-14 11:48:01] No scheduler jobs found
[2026-01-14 11:49:01] No scheduler jobs found
[2026-01-14 11:50:01] No scheduler jobs found
[2026-01-14 11:51:01] No scheduler jobs found
[2026-01-14 11:52:01] No scheduler jobs found
[2026-01-14 11:53:01] No scheduler jobs found
[2026-01-14 11:54:01] No scheduler jobs found
[2026-01-14 11:55:01] No scheduler jobs found
[2026-01-14 11:56:01] No scheduler jobs found
[2026-01-14 11:57:01] No scheduler jobs found
[2026-01-14 11:58:01] No scheduler jobs found
[2026-01-14 11:59:01] No scheduler jobs found
[2026-01-14 12:00:01] No scheduler jobs found
[2026-01-14 12:01:01] No scheduler jobs found
